#
# A fatal error has been detected by the Java Runtime Environment:
#
#  Internal Error (./build/windows-x64/hotspot/variant-server/gensrc/adfiles/ad_x86.cpp:1034), pid=7288, tid=2832
#  Error: Unimplemented()
#
# JRE version: Java(TM) SE Runtime Environment 18.9 (11.0.15.1+2) (build 11.0.15.1+2-LTS-10)
# Java VM: Java HotSpot(TM) 64-Bit Server VM 18.9 (11.0.15.1+2-LTS-10, mixed mode, tiered, compressed oops, g1 gc, windows-amd64)
# No core dump will be written. Minidumps are not enabled by default on client versions of Windows
#
# If you would like to submit a bug report, please visit:
#   https://bugreport.java.com/bugreport/crash.jsp
#

---------------  S U M M A R Y ------------

Command Line: -Dfile.encoding=UTF-8 -Duser.country=KR -Duser.language=ko -Duser.variant com.ch.everyshop.EveryshopApplication

Host: Intel(R) Pentium(R) CPU 5405U @ 2.30GHz, 4 cores, 11G,  Windows 11 , 64 bit Build 22000 (10.0.22000.1219)
Time: Thu Dec  1 16:34:24 2022 대한민국 표준시 elapsed time: 3.840225 seconds (0d 0h 0m 3s)

---------------  T H R E A D  ---------------

Current thread (0x00000232f5975800):  JavaThread "C2 CompilerThread0" daemon [_thread_in_native, id=2832, stack(0x000000c87df00000,0x000000c87e000000)]


Current CompileTask:
C2:   3840 2330       4       jdk.internal.module.SystemModuleFinders$SystemModuleReader::findImageLocation (42 bytes)

Stack: [0x000000c87df00000,0x000000c87e000000]
Native frames: (J=compiled Java code, j=interpreted, Vv=VM code, C=native code)
V  [jvm.dll+0x629d8a]
V  [jvm.dll+0x7638ff]
V  [jvm.dll+0x764fa9]
V  [jvm.dll+0x7655e7]
V  [jvm.dll+0x23d94c]
V  [jvm.dll+0x23d8e3]
V  [jvm.dll+0x6c935]
V  [jvm.dll+0x115c5]
V  [jvm.dll+0x202203]
V  [jvm.dll+0x631946]
V  [jvm.dll+0x6313bd]
V  [jvm.dll+0x62f14c]
V  [jvm.dll+0x1f88c2]
V  [jvm.dll+0x1f774d]
V  [jvm.dll+0x177c51]
V  [jvm.dll+0x207026]
V  [jvm.dll+0x2051bb]
V  [jvm.dll+0x729820]
V  [jvm.dll+0x7223f4]
V  [jvm.dll+0x628c26]
C  [ucrtbase.dll+0x26c0c]
C  [KERNEL32.DLL+0x15550]
C  [ntdll.dll+0x485b]


---------------  P R O C E S S  ---------------

Threads class SMR info:
_java_thread_list=0x00000232f72bfc00, length=13, elements={
0x00000232d54bf000, 0x00000232f50cf800, 0x00000232f50d3800, 0x00000232f596c000,
0x00000232f596d000, 0x00000232f5970000, 0x00000232f5975800, 0x00000232f597a000,
0x00000232f597e000, 0x00000232f5b0f800, 0x00000232f5c1e800, 0x00000232f6754000,
0x00000232f66cb000
}

Java Threads: ( => current thread )
  0x00000232d54bf000 JavaThread "main" [_thread_blocked, id=13264, stack(0x000000c87d200000,0x000000c87d300000)]
  0x00000232f50cf800 JavaThread "Reference Handler" daemon [_thread_blocked, id=6872, stack(0x000000c87d900000,0x000000c87da00000)]
  0x00000232f50d3800 JavaThread "Finalizer" daemon [_thread_blocked, id=18276, stack(0x000000c87da00000,0x000000c87db00000)]
  0x00000232f596c000 JavaThread "Signal Dispatcher" daemon [_thread_blocked, id=7252, stack(0x000000c87dc00000,0x000000c87dd00000)]
  0x00000232f596d000 JavaThread "Attach Listener" daemon [_thread_blocked, id=5976, stack(0x000000c87dd00000,0x000000c87de00000)]
  0x00000232f5970000 JavaThread "Service Thread" daemon [_thread_blocked, id=5772, stack(0x000000c87de00000,0x000000c87df00000)]
=>0x00000232f5975800 JavaThread "C2 CompilerThread0" daemon [_thread_in_native, id=2832, stack(0x000000c87df00000,0x000000c87e000000)]
  0x00000232f597a000 JavaThread "C1 CompilerThread0" daemon [_thread_blocked, id=19532, stack(0x000000c87e000000,0x000000c87e100000)]
  0x00000232f597e000 JavaThread "Sweeper thread" daemon [_thread_blocked, id=4820, stack(0x000000c87e100000,0x000000c87e200000)]
  0x00000232f5b0f800 JavaThread "Common-Cleaner" daemon [_thread_blocked, id=15556, stack(0x000000c87e300000,0x000000c87e400000)]
  0x00000232f5c1e800 JavaThread "C2 CompilerThread1" daemon [_thread_in_native, id=17480, stack(0x000000c87e400000,0x000000c87e500000)]
  0x00000232f6754000 JavaThread "Thread-0" [_thread_blocked, id=7600, stack(0x000000c87e800000,0x000000c87e900000)]
  0x00000232f66cb000 JavaThread "restartedMain" [_thread_in_native, id=9272, stack(0x000000c87e900000,0x000000c87ea00000)]

Other Threads:
  0x00000232f50cd800 VMThread "VM Thread" [stack: 0x000000c87d800000,0x000000c87d900000] [id=20108]
  0x00000232f5b16000 WatcherThread [stack: 0x000000c87e200000,0x000000c87e300000] [id=9752]
  0x00000232d54d0000 GCTaskThread "GC Thread#0" [stack: 0x000000c87d300000,0x000000c87d400000] [id=17272]
  0x00000232f675e800 GCTaskThread "GC Thread#1" [stack: 0x000000c87e500000,0x000000c87e600000] [id=21400]
  0x00000232f5e53800 GCTaskThread "GC Thread#2" [stack: 0x000000c87e600000,0x000000c87e700000] [id=18540]
  0x00000232f66dc000 GCTaskThread "GC Thread#3" [stack: 0x000000c87e700000,0x000000c87e800000] [id=13572]
  0x00000232d5517000 ConcurrentGCThread "G1 Main Marker" [stack: 0x000000c87d400000,0x000000c87d500000] [id=16008]
  0x00000232d5519000 ConcurrentGCThread "G1 Conc#0" [stack: 0x000000c87d500000,0x000000c87d600000] [id=14132]
  0x00000232d558e000 ConcurrentGCThread "G1 Refine#0" [stack: 0x000000c87d600000,0x000000c87d700000] [id=12976]
  0x00000232f4f3b800 ConcurrentGCThread "G1 Young RemSet Sampling" [stack: 0x000000c87d700000,0x000000c87d800000] [id=10964]

Threads with active compile tasks:
C2 CompilerThread0   3885 2330       4       jdk.internal.module.SystemModuleFinders$SystemModuleReader::findImageLocation (42 bytes)
C2 CompilerThread1   3885 2374  s    4       jdk.internal.jimage.BasicImageReader::findLocation (115 bytes)

VM state:not at safepoint (normal execution)

VM Mutex/Monitor currently owned by a thread: None

Heap address: 0x0000000743200000, size: 3022 MB, Compressed Oops mode: Zero based, Oop shift amount: 3
Narrow klass base: 0x0000000800000000, Narrow klass shift: 0
Compressed class space size: 1073741824 Address: 0x0000000800000000

Heap:
 garbage-first heap   total 194560K, used 31423K [0x0000000743200000, 0x0000000800000000)
  region size 1024K, 24 young (24576K), 2 survivors (2048K)
 Metaspace       used 26039K, capacity 26654K, committed 26880K, reserved 1073152K
  class space    used 2947K, capacity 3214K, committed 3328K, reserved 1048576K
Heap Regions: E=young(eden), S=young(survivor), O=old, HS=humongous(starts), HC=humongous(continues), CS=collection set, F=free, A=archive, TAMS=top-at-mark-start (previous, next)
|   0|0x0000000743200000, 0x0000000743300000, 0x0000000743300000|100%|HS|  |TAMS 0x0000000743300000, 0x0000000743200000| Complete 
|   1|0x0000000743300000, 0x0000000743400000, 0x0000000743400000|100%| O|  |TAMS 0x0000000743400000, 0x0000000743300000| Untracked 
|   2|0x0000000743400000, 0x0000000743500000, 0x0000000743500000|100%| O|  |TAMS 0x0000000743500000, 0x0000000743400000| Untracked 
|   3|0x0000000743500000, 0x0000000743600000, 0x0000000743600000|100%| O|  |TAMS 0x0000000743600000, 0x0000000743500000| Untracked 
|   4|0x0000000743600000, 0x0000000743700000, 0x0000000743700000|100%| O|  |TAMS 0x0000000743628c00, 0x0000000743600000| Untracked 
|   5|0x0000000743700000, 0x0000000743800000, 0x0000000743800000|100%| O|  |TAMS 0x0000000743700000, 0x0000000743700000| Untracked 
|   6|0x0000000743800000, 0x0000000743900000, 0x0000000743900000|100%| O|  |TAMS 0x0000000743800000, 0x0000000743800000| Untracked 
|   7|0x0000000743900000, 0x0000000743a00000, 0x0000000743a00000|100%| O|  |TAMS 0x0000000743900000, 0x0000000743900000| Untracked 
|   8|0x0000000743a00000, 0x0000000743a3ec00, 0x0000000743b00000| 24%| O|  |TAMS 0x0000000743a00000, 0x0000000743a00000| Untracked 
|   9|0x0000000743b00000, 0x0000000743b00000, 0x0000000743c00000|  0%| F|  |TAMS 0x0000000743b00000, 0x0000000743b00000| Untracked 
|  10|0x0000000743c00000, 0x0000000743c00000, 0x0000000743d00000|  0%| F|  |TAMS 0x0000000743c00000, 0x0000000743c00000| Untracked 
|  11|0x0000000743d00000, 0x0000000743d00000, 0x0000000743e00000|  0%| F|  |TAMS 0x0000000743d00000, 0x0000000743d00000| Untracked 
|  12|0x0000000743e00000, 0x0000000743e00000, 0x0000000743f00000|  0%| F|  |TAMS 0x0000000743e00000, 0x0000000743e00000| Untracked 
|  13|0x0000000743f00000, 0x0000000743f00000, 0x0000000744000000|  0%| F|  |TAMS 0x0000000743f00000, 0x0000000743f00000| Untracked 
|  14|0x0000000744000000, 0x0000000744000000, 0x0000000744100000|  0%| F|  |TAMS 0x0000000744000000, 0x0000000744000000| Untracked 
|  15|0x0000000744100000, 0x0000000744100000, 0x0000000744200000|  0%| F|  |TAMS 0x0000000744100000, 0x0000000744100000| Untracked 
|  16|0x0000000744200000, 0x0000000744200000, 0x0000000744300000|  0%| F|  |TAMS 0x0000000744200000, 0x0000000744200000| Untracked 
|  17|0x0000000744300000, 0x0000000744300000, 0x0000000744400000|  0%| F|  |TAMS 0x0000000744300000, 0x0000000744300000| Untracked 
|  18|0x0000000744400000, 0x0000000744400000, 0x0000000744500000|  0%| F|  |TAMS 0x0000000744400000, 0x0000000744400000| Untracked 
|  19|0x0000000744500000, 0x0000000744500000, 0x0000000744600000|  0%| F|  |TAMS 0x0000000744500000, 0x0000000744500000| Untracked 
|  20|0x0000000744600000, 0x0000000744600000, 0x0000000744700000|  0%| F|  |TAMS 0x0000000744600000, 0x0000000744600000| Untracked 
|  21|0x0000000744700000, 0x0000000744700000, 0x0000000744800000|  0%| F|  |TAMS 0x0000000744700000, 0x0000000744700000| Untracked 
|  22|0x0000000744800000, 0x0000000744800000, 0x0000000744900000|  0%| F|  |TAMS 0x0000000744800000, 0x0000000744800000| Untracked 
|  23|0x0000000744900000, 0x0000000744900000, 0x0000000744a00000|  0%| F|  |TAMS 0x0000000744900000, 0x0000000744900000| Untracked 
|  24|0x0000000744a00000, 0x0000000744a00000, 0x0000000744b00000|  0%| F|  |TAMS 0x0000000744a00000, 0x0000000744a00000| Untracked 
|  25|0x0000000744b00000, 0x0000000744b00000, 0x0000000744c00000|  0%| F|  |TAMS 0x0000000744b00000, 0x0000000744b00000| Untracked 
|  26|0x0000000744c00000, 0x0000000744c00000, 0x0000000744d00000|  0%| F|  |TAMS 0x0000000744c00000, 0x0000000744c00000| Untracked 
|  27|0x0000000744d00000, 0x0000000744d00000, 0x0000000744e00000|  0%| F|  |TAMS 0x0000000744d00000, 0x0000000744d00000| Untracked 
|  28|0x0000000744e00000, 0x0000000744e00000, 0x0000000744f00000|  0%| F|  |TAMS 0x0000000744e00000, 0x0000000744e00000| Untracked 
|  29|0x0000000744f00000, 0x0000000744f00000, 0x0000000745000000|  0%| F|  |TAMS 0x0000000744f00000, 0x0000000744f00000| Untracked 
|  30|0x0000000745000000, 0x0000000745000000, 0x0000000745100000|  0%| F|  |TAMS 0x0000000745000000, 0x0000000745000000| Untracked 
|  31|0x0000000745100000, 0x0000000745100000, 0x0000000745200000|  0%| F|  |TAMS 0x0000000745100000, 0x0000000745100000| Untracked 
|  32|0x0000000745200000, 0x0000000745200000, 0x0000000745300000|  0%| F|  |TAMS 0x0000000745200000, 0x0000000745200000| Untracked 
|  33|0x0000000745300000, 0x0000000745300000, 0x0000000745400000|  0%| F|  |TAMS 0x0000000745300000, 0x0000000745300000| Untracked 
|  34|0x0000000745400000, 0x0000000745400000, 0x0000000745500000|  0%| F|  |TAMS 0x0000000745400000, 0x0000000745400000| Untracked 
|  35|0x0000000745500000, 0x0000000745500000, 0x0000000745600000|  0%| F|  |TAMS 0x0000000745500000, 0x0000000745500000| Untracked 
|  36|0x0000000745600000, 0x0000000745600000, 0x0000000745700000|  0%| F|  |TAMS 0x0000000745600000, 0x0000000745600000| Untracked 
|  37|0x0000000745700000, 0x0000000745700000, 0x0000000745800000|  0%| F|  |TAMS 0x0000000745700000, 0x0000000745700000| Untracked 
|  38|0x0000000745800000, 0x0000000745800000, 0x0000000745900000|  0%| F|  |TAMS 0x0000000745800000, 0x0000000745800000| Untracked 
|  39|0x0000000745900000, 0x0000000745900000, 0x0000000745a00000|  0%| F|  |TAMS 0x0000000745900000, 0x0000000745900000| Untracked 
|  40|0x0000000745a00000, 0x0000000745a00000, 0x0000000745b00000|  0%| F|  |TAMS 0x0000000745a00000, 0x0000000745a00000| Untracked 
|  41|0x0000000745b00000, 0x0000000745b00000, 0x0000000745c00000|  0%| F|  |TAMS 0x0000000745b00000, 0x0000000745b00000| Untracked 
|  42|0x0000000745c00000, 0x0000000745c00000, 0x0000000745d00000|  0%| F|  |TAMS 0x0000000745c00000, 0x0000000745c00000| Untracked 
|  43|0x0000000745d00000, 0x0000000745d00000, 0x0000000745e00000|  0%| F|  |TAMS 0x0000000745d00000, 0x0000000745d00000| Untracked 
|  44|0x0000000745e00000, 0x0000000745e00000, 0x0000000745f00000|  0%| F|  |TAMS 0x0000000745e00000, 0x0000000745e00000| Untracked 
|  45|0x0000000745f00000, 0x0000000745f00000, 0x0000000746000000|  0%| F|  |TAMS 0x0000000745f00000, 0x0000000745f00000| Untracked 
|  46|0x0000000746000000, 0x0000000746000000, 0x0000000746100000|  0%| F|  |TAMS 0x0000000746000000, 0x0000000746000000| Untracked 
|  47|0x0000000746100000, 0x0000000746100000, 0x0000000746200000|  0%| F|  |TAMS 0x0000000746100000, 0x0000000746100000| Untracked 
|  48|0x0000000746200000, 0x0000000746200000, 0x0000000746300000|  0%| F|  |TAMS 0x0000000746200000, 0x0000000746200000| Untracked 
|  49|0x0000000746300000, 0x0000000746300000, 0x0000000746400000|  0%| F|  |TAMS 0x0000000746300000, 0x0000000746300000| Untracked 
|  50|0x0000000746400000, 0x0000000746400000, 0x0000000746500000|  0%| F|  |TAMS 0x0000000746400000, 0x0000000746400000| Untracked 
|  51|0x0000000746500000, 0x0000000746500000, 0x0000000746600000|  0%| F|  |TAMS 0x0000000746500000, 0x0000000746500000| Untracked 
|  52|0x0000000746600000, 0x0000000746600000, 0x0000000746700000|  0%| F|  |TAMS 0x0000000746600000, 0x0000000746600000| Untracked 
|  53|0x0000000746700000, 0x0000000746700000, 0x0000000746800000|  0%| F|  |TAMS 0x0000000746700000, 0x0000000746700000| Untracked 
|  54|0x0000000746800000, 0x0000000746800000, 0x0000000746900000|  0%| F|  |TAMS 0x0000000746800000, 0x0000000746800000| Untracked 
|  55|0x0000000746900000, 0x0000000746900000, 0x0000000746a00000|  0%| F|  |TAMS 0x0000000746900000, 0x0000000746900000| Untracked 
|  56|0x0000000746a00000, 0x0000000746a00000, 0x0000000746b00000|  0%| F|  |TAMS 0x0000000746a00000, 0x0000000746a00000| Untracked 
|  57|0x0000000746b00000, 0x0000000746b00000, 0x0000000746c00000|  0%| F|  |TAMS 0x0000000746b00000, 0x0000000746b00000| Untracked 
|  58|0x0000000746c00000, 0x0000000746c00000, 0x0000000746d00000|  0%| F|  |TAMS 0x0000000746c00000, 0x0000000746c00000| Untracked 
|  59|0x0000000746d00000, 0x0000000746d00000, 0x0000000746e00000|  0%| F|  |TAMS 0x0000000746d00000, 0x0000000746d00000| Untracked 
|  60|0x0000000746e00000, 0x0000000746e00000, 0x0000000746f00000|  0%| F|  |TAMS 0x0000000746e00000, 0x0000000746e00000| Untracked 
|  61|0x0000000746f00000, 0x0000000746f00000, 0x0000000747000000|  0%| F|  |TAMS 0x0000000746f00000, 0x0000000746f00000| Untracked 
|  62|0x0000000747000000, 0x0000000747000000, 0x0000000747100000|  0%| F|  |TAMS 0x0000000747000000, 0x0000000747000000| Untracked 
|  63|0x0000000747100000, 0x0000000747100000, 0x0000000747200000|  0%| F|  |TAMS 0x0000000747100000, 0x0000000747100000| Untracked 
|  64|0x0000000747200000, 0x0000000747200000, 0x0000000747300000|  0%| F|  |TAMS 0x0000000747200000, 0x0000000747200000| Untracked 
|  65|0x0000000747300000, 0x0000000747300000, 0x0000000747400000|  0%| F|  |TAMS 0x0000000747300000, 0x0000000747300000| Untracked 
|  66|0x0000000747400000, 0x0000000747400000, 0x0000000747500000|  0%| F|  |TAMS 0x0000000747400000, 0x0000000747400000| Untracked 
|  67|0x0000000747500000, 0x0000000747500000, 0x0000000747600000|  0%| F|  |TAMS 0x0000000747500000, 0x0000000747500000| Untracked 
|  68|0x0000000747600000, 0x0000000747600000, 0x0000000747700000|  0%| F|  |TAMS 0x0000000747600000, 0x0000000747600000| Untracked 
|  69|0x0000000747700000, 0x0000000747700000, 0x0000000747800000|  0%| F|  |TAMS 0x0000000747700000, 0x0000000747700000| Untracked 
|  70|0x0000000747800000, 0x0000000747800000, 0x0000000747900000|  0%| F|  |TAMS 0x0000000747800000, 0x0000000747800000| Untracked 
|  71|0x0000000747900000, 0x0000000747900000, 0x0000000747a00000|  0%| F|  |TAMS 0x0000000747900000, 0x0000000747900000| Untracked 
|  72|0x0000000747a00000, 0x0000000747a00000, 0x0000000747b00000|  0%| F|  |TAMS 0x0000000747a00000, 0x0000000747a00000| Untracked 
|  73|0x0000000747b00000, 0x0000000747b00000, 0x0000000747c00000|  0%| F|  |TAMS 0x0000000747b00000, 0x0000000747b00000| Untracked 
|  74|0x0000000747c00000, 0x0000000747c00000, 0x0000000747d00000|  0%| F|  |TAMS 0x0000000747c00000, 0x0000000747c00000| Untracked 
|  75|0x0000000747d00000, 0x0000000747d00000, 0x0000000747e00000|  0%| F|  |TAMS 0x0000000747d00000, 0x0000000747d00000| Untracked 
|  76|0x0000000747e00000, 0x0000000747e00000, 0x0000000747f00000|  0%| F|  |TAMS 0x0000000747e00000, 0x0000000747e00000| Untracked 
|  77|0x0000000747f00000, 0x0000000747f00000, 0x0000000748000000|  0%| F|  |TAMS 0x0000000747f00000, 0x0000000747f00000| Untracked 
|  78|0x0000000748000000, 0x0000000748000000, 0x0000000748100000|  0%| F|  |TAMS 0x0000000748000000, 0x0000000748000000| Untracked 
|  79|0x0000000748100000, 0x0000000748100000, 0x0000000748200000|  0%| F|  |TAMS 0x0000000748100000, 0x0000000748100000| Untracked 
|  80|0x0000000748200000, 0x0000000748200000, 0x0000000748300000|  0%| F|  |TAMS 0x0000000748200000, 0x0000000748200000| Untracked 
|  81|0x0000000748300000, 0x0000000748300000, 0x0000000748400000|  0%| F|  |TAMS 0x0000000748300000, 0x0000000748300000| Untracked 
|  82|0x0000000748400000, 0x0000000748400000, 0x0000000748500000|  0%| F|  |TAMS 0x0000000748400000, 0x0000000748400000| Untracked 
|  83|0x0000000748500000, 0x0000000748500000, 0x0000000748600000|  0%| F|  |TAMS 0x0000000748500000, 0x0000000748500000| Untracked 
|  84|0x0000000748600000, 0x0000000748600000, 0x0000000748700000|  0%| F|  |TAMS 0x0000000748600000, 0x0000000748600000| Untracked 
|  85|0x0000000748700000, 0x0000000748700000, 0x0000000748800000|  0%| F|  |TAMS 0x0000000748700000, 0x0000000748700000| Untracked 
|  86|0x0000000748800000, 0x0000000748800000, 0x0000000748900000|  0%| F|  |TAMS 0x0000000748800000, 0x0000000748800000| Untracked 
|  87|0x0000000748900000, 0x0000000748900000, 0x0000000748a00000|  0%| F|  |TAMS 0x0000000748900000, 0x0000000748900000| Untracked 
|  88|0x0000000748a00000, 0x0000000748a00000, 0x0000000748b00000|  0%| F|  |TAMS 0x0000000748a00000, 0x0000000748a00000| Untracked 
|  89|0x0000000748b00000, 0x0000000748b00000, 0x0000000748c00000|  0%| F|  |TAMS 0x0000000748b00000, 0x0000000748b00000| Untracked 
|  90|0x0000000748c00000, 0x0000000748c00000, 0x0000000748d00000|  0%| F|  |TAMS 0x0000000748c00000, 0x0000000748c00000| Untracked 
|  91|0x0000000748d00000, 0x0000000748d00000, 0x0000000748e00000|  0%| F|  |TAMS 0x0000000748d00000, 0x0000000748d00000| Untracked 
|  92|0x0000000748e00000, 0x0000000748e00000, 0x0000000748f00000|  0%| F|  |TAMS 0x0000000748e00000, 0x0000000748e00000| Untracked 
|  93|0x0000000748f00000, 0x0000000748f00000, 0x0000000749000000|  0%| F|  |TAMS 0x0000000748f00000, 0x0000000748f00000| Untracked 
|  94|0x0000000749000000, 0x0000000749000000, 0x0000000749100000|  0%| F|  |TAMS 0x0000000749000000, 0x0000000749000000| Untracked 
|  95|0x0000000749100000, 0x0000000749100000, 0x0000000749200000|  0%| F|  |TAMS 0x0000000749100000, 0x0000000749100000| Untracked 
|  96|0x0000000749200000, 0x0000000749200000, 0x0000000749300000|  0%| F|  |TAMS 0x0000000749200000, 0x0000000749200000| Untracked 
|  97|0x0000000749300000, 0x0000000749300000, 0x0000000749400000|  0%| F|  |TAMS 0x0000000749300000, 0x0000000749300000| Untracked 
|  98|0x0000000749400000, 0x0000000749400000, 0x0000000749500000|  0%| F|  |TAMS 0x0000000749400000, 0x0000000749400000| Untracked 
|  99|0x0000000749500000, 0x0000000749500000, 0x0000000749600000|  0%| F|  |TAMS 0x0000000749500000, 0x0000000749500000| Untracked 
| 100|0x0000000749600000, 0x0000000749600000, 0x0000000749700000|  0%| F|  |TAMS 0x0000000749600000, 0x0000000749600000| Untracked 
| 101|0x0000000749700000, 0x0000000749700000, 0x0000000749800000|  0%| F|  |TAMS 0x0000000749700000, 0x0000000749700000| Untracked 
| 102|0x0000000749800000, 0x0000000749800000, 0x0000000749900000|  0%| F|  |TAMS 0x0000000749800000, 0x0000000749800000| Untracked 
| 103|0x0000000749900000, 0x0000000749900000, 0x0000000749a00000|  0%| F|  |TAMS 0x0000000749900000, 0x0000000749900000| Untracked 
| 104|0x0000000749a00000, 0x0000000749a00000, 0x0000000749b00000|  0%| F|  |TAMS 0x0000000749a00000, 0x0000000749a00000| Untracked 
| 105|0x0000000749b00000, 0x0000000749b00000, 0x0000000749c00000|  0%| F|  |TAMS 0x0000000749b00000, 0x0000000749b00000| Untracked 
| 106|0x0000000749c00000, 0x0000000749c00000, 0x0000000749d00000|  0%| F|  |TAMS 0x0000000749c00000, 0x0000000749c00000| Untracked 
| 107|0x0000000749d00000, 0x0000000749d00000, 0x0000000749e00000|  0%| F|  |TAMS 0x0000000749d00000, 0x0000000749d00000| Untracked 
| 108|0x0000000749e00000, 0x0000000749e00000, 0x0000000749f00000|  0%| F|  |TAMS 0x0000000749e00000, 0x0000000749e00000| Untracked 
| 109|0x0000000749f00000, 0x0000000749f00000, 0x000000074a000000|  0%| F|  |TAMS 0x0000000749f00000, 0x0000000749f00000| Untracked 
| 110|0x000000074a000000, 0x000000074a000000, 0x000000074a100000|  0%| F|  |TAMS 0x000000074a000000, 0x000000074a000000| Untracked 
| 111|0x000000074a100000, 0x000000074a100000, 0x000000074a200000|  0%| F|  |TAMS 0x000000074a100000, 0x000000074a100000| Untracked 
| 112|0x000000074a200000, 0x000000074a200000, 0x000000074a300000|  0%| F|  |TAMS 0x000000074a200000, 0x000000074a200000| Untracked 
| 113|0x000000074a300000, 0x000000074a300000, 0x000000074a400000|  0%| F|  |TAMS 0x000000074a300000, 0x000000074a300000| Untracked 
| 114|0x000000074a400000, 0x000000074a400000, 0x000000074a500000|  0%| F|  |TAMS 0x000000074a400000, 0x000000074a400000| Untracked 
| 115|0x000000074a500000, 0x000000074a500000, 0x000000074a600000|  0%| F|  |TAMS 0x000000074a500000, 0x000000074a500000| Untracked 
| 116|0x000000074a600000, 0x000000074a600000, 0x000000074a700000|  0%| F|  |TAMS 0x000000074a600000, 0x000000074a600000| Untracked 
| 117|0x000000074a700000, 0x000000074a700000, 0x000000074a800000|  0%| F|  |TAMS 0x000000074a700000, 0x000000074a700000| Untracked 
| 118|0x000000074a800000, 0x000000074a800000, 0x000000074a900000|  0%| F|  |TAMS 0x000000074a800000, 0x000000074a800000| Untracked 
| 119|0x000000074a900000, 0x000000074a900000, 0x000000074aa00000|  0%| F|  |TAMS 0x000000074a900000, 0x000000074a900000| Untracked 
| 120|0x000000074aa00000, 0x000000074aa00000, 0x000000074ab00000|  0%| F|  |TAMS 0x000000074aa00000, 0x000000074aa00000| Untracked 
| 121|0x000000074ab00000, 0x000000074ab00000, 0x000000074ac00000|  0%| F|  |TAMS 0x000000074ab00000, 0x000000074ab00000| Untracked 
| 122|0x000000074ac00000, 0x000000074ac00000, 0x000000074ad00000|  0%| F|  |TAMS 0x000000074ac00000, 0x000000074ac00000| Untracked 
| 123|0x000000074ad00000, 0x000000074ad00000, 0x000000074ae00000|  0%| F|  |TAMS 0x000000074ad00000, 0x000000074ad00000| Untracked 
| 124|0x000000074ae00000, 0x000000074ae00000, 0x000000074af00000|  0%| F|  |TAMS 0x000000074ae00000, 0x000000074ae00000| Untracked 
| 125|0x000000074af00000, 0x000000074af00000, 0x000000074b000000|  0%| F|  |TAMS 0x000000074af00000, 0x000000074af00000| Untracked 
| 126|0x000000074b000000, 0x000000074b000000, 0x000000074b100000|  0%| F|  |TAMS 0x000000074b000000, 0x000000074b000000| Untracked 
| 127|0x000000074b100000, 0x000000074b100000, 0x000000074b200000|  0%| F|  |TAMS 0x000000074b100000, 0x000000074b100000| Untracked 
| 128|0x000000074b200000, 0x000000074b200000, 0x000000074b300000|  0%| F|  |TAMS 0x000000074b200000, 0x000000074b200000| Untracked 
| 129|0x000000074b300000, 0x000000074b300000, 0x000000074b400000|  0%| F|  |TAMS 0x000000074b300000, 0x000000074b300000| Untracked 
| 130|0x000000074b400000, 0x000000074b400000, 0x000000074b500000|  0%| F|  |TAMS 0x000000074b400000, 0x000000074b400000| Untracked 
| 131|0x000000074b500000, 0x000000074b500000, 0x000000074b600000|  0%| F|  |TAMS 0x000000074b500000, 0x000000074b500000| Untracked 
| 132|0x000000074b600000, 0x000000074b600000, 0x000000074b700000|  0%| F|  |TAMS 0x000000074b600000, 0x000000074b600000| Untracked 
| 133|0x000000074b700000, 0x000000074b700000, 0x000000074b800000|  0%| F|  |TAMS 0x000000074b700000, 0x000000074b700000| Untracked 
| 134|0x000000074b800000, 0x000000074b800000, 0x000000074b900000|  0%| F|  |TAMS 0x000000074b800000, 0x000000074b800000| Untracked 
| 135|0x000000074b900000, 0x000000074b900000, 0x000000074ba00000|  0%| F|  |TAMS 0x000000074b900000, 0x000000074b900000| Untracked 
| 136|0x000000074ba00000, 0x000000074ba00000, 0x000000074bb00000|  0%| F|  |TAMS 0x000000074ba00000, 0x000000074ba00000| Untracked 
| 137|0x000000074bb00000, 0x000000074bb00000, 0x000000074bc00000|  0%| F|  |TAMS 0x000000074bb00000, 0x000000074bb00000| Untracked 
| 138|0x000000074bc00000, 0x000000074bc00000, 0x000000074bd00000|  0%| F|  |TAMS 0x000000074bc00000, 0x000000074bc00000| Untracked 
| 139|0x000000074bd00000, 0x000000074bd00000, 0x000000074be00000|  0%| F|  |TAMS 0x000000074bd00000, 0x000000074bd00000| Untracked 
| 140|0x000000074be00000, 0x000000074be00000, 0x000000074bf00000|  0%| F|  |TAMS 0x000000074be00000, 0x000000074be00000| Untracked 
| 141|0x000000074bf00000, 0x000000074bf00000, 0x000000074c000000|  0%| F|  |TAMS 0x000000074bf00000, 0x000000074bf00000| Untracked 
| 142|0x000000074c000000, 0x000000074c000000, 0x000000074c100000|  0%| F|  |TAMS 0x000000074c000000, 0x000000074c000000| Untracked 
| 143|0x000000074c100000, 0x000000074c100000, 0x000000074c200000|  0%| F|  |TAMS 0x000000074c100000, 0x000000074c100000| Untracked 
| 144|0x000000074c200000, 0x000000074c200000, 0x000000074c300000|  0%| F|  |TAMS 0x000000074c200000, 0x000000074c200000| Untracked 
| 145|0x000000074c300000, 0x000000074c300000, 0x000000074c400000|  0%| F|  |TAMS 0x000000074c300000, 0x000000074c300000| Untracked 
| 146|0x000000074c400000, 0x000000074c400000, 0x000000074c500000|  0%| F|  |TAMS 0x000000074c400000, 0x000000074c400000| Untracked 
| 147|0x000000074c500000, 0x000000074c500000, 0x000000074c600000|  0%| F|  |TAMS 0x000000074c500000, 0x000000074c500000| Untracked 
| 148|0x000000074c600000, 0x000000074c600000, 0x000000074c700000|  0%| F|  |TAMS 0x000000074c600000, 0x000000074c600000| Untracked 
| 149|0x000000074c700000, 0x000000074c700000, 0x000000074c800000|  0%| F|  |TAMS 0x000000074c700000, 0x000000074c700000| Untracked 
| 150|0x000000074c800000, 0x000000074c800000, 0x000000074c900000|  0%| F|  |TAMS 0x000000074c800000, 0x000000074c800000| Untracked 
| 151|0x000000074c900000, 0x000000074c900000, 0x000000074ca00000|  0%| F|  |TAMS 0x000000074c900000, 0x000000074c900000| Untracked 
| 152|0x000000074ca00000, 0x000000074ca00000, 0x000000074cb00000|  0%| F|  |TAMS 0x000000074ca00000, 0x000000074ca00000| Untracked 
| 153|0x000000074cb00000, 0x000000074cb00000, 0x000000074cc00000|  0%| F|  |TAMS 0x000000074cb00000, 0x000000074cb00000| Untracked 
| 154|0x000000074cc00000, 0x000000074cc00000, 0x000000074cd00000|  0%| F|  |TAMS 0x000000074cc00000, 0x000000074cc00000| Untracked 
| 155|0x000000074cd00000, 0x000000074cd00000, 0x000000074ce00000|  0%| F|  |TAMS 0x000000074cd00000, 0x000000074cd00000| Untracked 
| 156|0x000000074ce00000, 0x000000074ce00000, 0x000000074cf00000|  0%| F|  |TAMS 0x000000074ce00000, 0x000000074ce00000| Untracked 
| 157|0x000000074cf00000, 0x000000074cf00000, 0x000000074d000000|  0%| F|  |TAMS 0x000000074cf00000, 0x000000074cf00000| Untracked 
| 158|0x000000074d000000, 0x000000074d000000, 0x000000074d100000|  0%| F|  |TAMS 0x000000074d000000, 0x000000074d000000| Untracked 
| 159|0x000000074d100000, 0x000000074d100000, 0x000000074d200000|  0%| F|  |TAMS 0x000000074d100000, 0x000000074d100000| Untracked 
| 160|0x000000074d200000, 0x000000074d200000, 0x000000074d300000|  0%| F|  |TAMS 0x000000074d200000, 0x000000074d200000| Untracked 
| 161|0x000000074d300000, 0x000000074d300000, 0x000000074d400000|  0%| F|  |TAMS 0x000000074d300000, 0x000000074d300000| Untracked 
| 162|0x000000074d400000, 0x000000074d400000, 0x000000074d500000|  0%| F|  |TAMS 0x000000074d400000, 0x000000074d400000| Untracked 
| 163|0x000000074d500000, 0x000000074d5710e8, 0x000000074d600000| 44%| S|CS|TAMS 0x000000074d500000, 0x000000074d500000| Complete 
| 164|0x000000074d600000, 0x000000074d700000, 0x000000074d700000|100%| S|CS|TAMS 0x000000074d600000, 0x000000074d600000| Complete 
| 165|0x000000074d700000, 0x000000074d700000, 0x000000074d800000|  0%| F|  |TAMS 0x000000074d700000, 0x000000074d700000| Untracked 
| 166|0x000000074d800000, 0x000000074d800000, 0x000000074d900000|  0%| F|  |TAMS 0x000000074d800000, 0x000000074d800000| Untracked 
| 167|0x000000074d900000, 0x000000074d900000, 0x000000074da00000|  0%| F|  |TAMS 0x000000074d900000, 0x000000074d900000| Untracked 
| 168|0x000000074da00000, 0x000000074db00000, 0x000000074db00000|100%| E|  |TAMS 0x000000074da00000, 0x000000074da00000| Complete 
| 169|0x000000074db00000, 0x000000074dc00000, 0x000000074dc00000|100%| E|CS|TAMS 0x000000074db00000, 0x000000074db00000| Complete 
| 170|0x000000074dc00000, 0x000000074dd00000, 0x000000074dd00000|100%| E|CS|TAMS 0x000000074dc00000, 0x000000074dc00000| Complete 
| 171|0x000000074dd00000, 0x000000074de00000, 0x000000074de00000|100%| E|CS|TAMS 0x000000074dd00000, 0x000000074dd00000| Complete 
| 172|0x000000074de00000, 0x000000074df00000, 0x000000074df00000|100%| E|CS|TAMS 0x000000074de00000, 0x000000074de00000| Complete 
| 173|0x000000074df00000, 0x000000074e000000, 0x000000074e000000|100%| E|CS|TAMS 0x000000074df00000, 0x000000074df00000| Complete 
| 174|0x000000074e000000, 0x000000074e100000, 0x000000074e100000|100%| E|CS|TAMS 0x000000074e000000, 0x000000074e000000| Complete 
| 175|0x000000074e100000, 0x000000074e200000, 0x000000074e200000|100%| E|CS|TAMS 0x000000074e100000, 0x000000074e100000| Complete 
| 176|0x000000074e200000, 0x000000074e300000, 0x000000074e300000|100%| E|CS|TAMS 0x000000074e200000, 0x000000074e200000| Complete 
| 177|0x000000074e300000, 0x000000074e400000, 0x000000074e400000|100%| E|CS|TAMS 0x000000074e300000, 0x000000074e300000| Complete 
| 178|0x000000074e400000, 0x000000074e500000, 0x000000074e500000|100%| E|CS|TAMS 0x000000074e400000, 0x000000074e400000| Complete 
| 179|0x000000074e500000, 0x000000074e600000, 0x000000074e600000|100%| E|CS|TAMS 0x000000074e500000, 0x000000074e500000| Complete 
| 180|0x000000074e600000, 0x000000074e700000, 0x000000074e700000|100%| E|CS|TAMS 0x000000074e600000, 0x000000074e600000| Complete 
| 181|0x000000074e700000, 0x000000074e800000, 0x000000074e800000|100%| E|CS|TAMS 0x000000074e700000, 0x000000074e700000| Complete 
| 182|0x000000074e800000, 0x000000074e900000, 0x000000074e900000|100%| E|CS|TAMS 0x000000074e800000, 0x000000074e800000| Complete 
| 183|0x000000074e900000, 0x000000074ea00000, 0x000000074ea00000|100%| E|CS|TAMS 0x000000074e900000, 0x000000074e900000| Complete 
| 184|0x000000074ea00000, 0x000000074eb00000, 0x000000074eb00000|100%| E|CS|TAMS 0x000000074ea00000, 0x000000074ea00000| Complete 
| 185|0x000000074eb00000, 0x000000074ec00000, 0x000000074ec00000|100%| E|CS|TAMS 0x000000074eb00000, 0x000000074eb00000| Complete 
| 186|0x000000074ec00000, 0x000000074ed00000, 0x000000074ed00000|100%| E|CS|TAMS 0x000000074ec00000, 0x000000074ec00000| Complete 
| 187|0x000000074ed00000, 0x000000074ee00000, 0x000000074ee00000|100%| E|CS|TAMS 0x000000074ed00000, 0x000000074ed00000| Complete 
| 188|0x000000074ee00000, 0x000000074ef00000, 0x000000074ef00000|100%| E|CS|TAMS 0x000000074ee00000, 0x000000074ee00000| Complete 
| 189|0x000000074ef00000, 0x000000074f000000, 0x000000074f000000|100%| E|CS|TAMS 0x000000074ef00000, 0x000000074ef00000| Complete 

Card table byte_map: [0x00000232ec150000,0x00000232ec740000] _byte_map_base: 0x00000232e8737000

Marking Bits (Prev, Next): (CMBitMap*) 0x00000232d5509820, (CMBitMap*) 0x00000232d55097e8
 Prev Bits: [0x00000232efc70000, 0x00000232f2ba8000)
 Next Bits: [0x00000232ecd30000, 0x00000232efc68000)

Polling page: 0x00000232d34a0000

Metaspace:

Usage:
  Non-class:     22.89 MB capacity,    22.55 MB ( 99%) used,   271.66 KB (  1%) free+waste,    72.06 KB ( <1%) overhead. 
      Class:      3.14 MB capacity,     2.88 MB ( 92%) used,   228.95 KB (  7%) free+waste,    36.63 KB (  1%) overhead. 
       Both:     26.03 MB capacity,    25.43 MB ( 98%) used,   500.61 KB (  2%) free+waste,   108.69 KB ( <1%) overhead. 

Virtual space:
  Non-class space:       24.00 MB reserved,      23.00 MB ( 96%) committed 
      Class space:        1.00 GB reserved,       3.25 MB ( <1%) committed 
             Both:        1.02 GB reserved,      26.25 MB (  3%) committed 

Chunk freelists:
   Non-Class:  6.00 KB
       Class:  0 bytes
        Both:  6.00 KB

CodeHeap 'non-profiled nmethods': size=120064Kb used=1016Kb max_used=1016Kb free=119047Kb
 bounds [0x00000232e4620000, 0x00000232e4890000, 0x00000232ebb60000]
CodeHeap 'profiled nmethods': size=120000Kb used=4982Kb max_used=4982Kb free=115017Kb
 bounds [0x00000232dd0f0000, 0x00000232dd5d0000, 0x00000232e4620000]
CodeHeap 'non-nmethods': size=5696Kb used=1129Kb max_used=1169Kb free=4566Kb
 bounds [0x00000232dcb60000, 0x00000232dcdd0000, 0x00000232dd0f0000]
 total_blobs=2872 nmethods=2430 adapters=353
 compilation: enabled
              stopped_count=0, restarted_count=0
 full_count=0

Compilation events (10 events):
Event: 3.813 Thread 0x00000232f597a000 nmethod 2397 0x00000232dd5a5710 code [0x00000232dd5a5920, 0x00000232dd5a5ec8]
Event: 3.813 Thread 0x00000232f597a000 2401       3       sun.net.www.protocol.jar.JarFileFactory::urlKey (39 bytes)
Event: 3.814 Thread 0x00000232f597a000 nmethod 2401 0x00000232dd5a6110 code [0x00000232dd5a6360, 0x00000232dd5a6be8]
Event: 3.814 Thread 0x00000232f597a000 2402       3       java.util.RegularEnumSet$EnumSetIterator::next (5 bytes)
Event: 3.814 Thread 0x00000232f597a000 nmethod 2402 0x00000232dd5a6f10 code [0x00000232dd5a70c0, 0x00000232dd5a7208]
Event: 3.814 Thread 0x00000232f597a000 2403       3       java.util.RegularEnumSet$EnumSetIterator::next (60 bytes)
Event: 3.814 Thread 0x00000232f597a000 nmethod 2403 0x00000232dd5a7290 code [0x00000232dd5a7460, 0x00000232dd5a7718]
Event: 3.814 Thread 0x00000232f597a000 2405   !   3       org.springframework.beans.factory.support.AbstractBeanFactory::doGetBean (832 bytes)
Event: 3.823 Thread 0x00000232f597a000 nmethod 2405 0x00000232dd5a7890 code [0x00000232dd5a84c0, 0x00000232dd5b0b78]
Event: 3.823 Thread 0x00000232f597a000 2411       3       org.springframework.core.type.classreading.SimpleMethodMetadataReadingVisitor::visitEnd (68 bytes)

GC Heap History (6 events):
Event: 0.915 GC heap before
{Heap before GC invocations=0 (full 0):
 garbage-first heap   total 194560K, used 14336K [0x0000000743200000, 0x0000000800000000)
  region size 1024K, 14 young (14336K), 0 survivors (0K)
 Metaspace       used 9374K, capacity 9554K, committed 9728K, reserved 1058816K
  class space    used 861K, capacity 908K, committed 1024K, reserved 1048576K
}
Event: 0.938 GC heap after
{Heap after GC invocations=1 (full 0):
 garbage-first heap   total 194560K, used 6307K [0x0000000743200000, 0x0000000800000000)
  region size 1024K, 2 young (2048K), 2 survivors (2048K)
 Metaspace       used 9374K, capacity 9554K, committed 9728K, reserved 1058816K
  class space    used 861K, capacity 908K, committed 1024K, reserved 1048576K
}
Event: 2.576 GC heap before
{Heap before GC invocations=1 (full 0):
 garbage-first heap   total 194560K, used 55459K [0x0000000743200000, 0x0000000800000000)
  region size 1024K, 51 young (52224K), 2 survivors (2048K)
 Metaspace       used 20626K, capacity 21109K, committed 21248K, reserved 1069056K
  class space    used 2258K, capacity 2469K, committed 2560K, reserved 1048576K
}
Event: 2.589 GC heap after
{Heap after GC invocations=2 (full 0):
 garbage-first heap   total 194560K, used 8787K [0x0000000743200000, 0x0000000800000000)
  region size 1024K, 5 young (5120K), 5 survivors (5120K)
 Metaspace       used 20626K, capacity 21109K, committed 21248K, reserved 1069056K
  class space    used 2258K, capacity 2469K, committed 2560K, reserved 1048576K
}
Event: 3.149 GC heap before
{Heap before GC invocations=3 (full 0):
 garbage-first heap   total 194560K, used 33363K [0x0000000743200000, 0x0000000800000000)
  region size 1024K, 30 young (30720K), 5 survivors (5120K)
 Metaspace       used 24422K, capacity 25084K, committed 25344K, reserved 1071104K
  class space    used 2782K, capacity 3035K, committed 3072K, reserved 1048576K
}
Event: 3.162 GC heap after
{Heap after GC invocations=4 (full 0):
 garbage-first heap   total 194560K, used 9919K [0x0000000743200000, 0x0000000800000000)
  region size 1024K, 2 young (2048K), 2 survivors (2048K)
 Metaspace       used 24422K, capacity 25084K, committed 25344K, reserved 1071104K
  class space    used 2782K, capacity 3035K, committed 3072K, reserved 1048576K
}

Deoptimization events (10 events):
Event: 2.560 Thread 0x00000232f66cb000 Uncommon trap: reason=class_check action=maybe_recompile pc=0x00000232e4660d20 method=java.util.HashMap.putVal(ILjava/lang/Object;Ljava/lang/Object;ZZ)Ljava/lang/Object; @ 203 c2
Event: 2.575 Thread 0x00000232f66cb000 Uncommon trap: reason=class_check action=maybe_recompile pc=0x00000232e4660d20 method=java.util.HashMap.putVal(ILjava/lang/Object;Ljava/lang/Object;ZZ)Ljava/lang/Object; @ 203 c2
Event: 2.868 Thread 0x00000232f66cb000 Uncommon trap: reason=unstable_if action=reinterpret pc=0x00000232e4670690 method=java.util.concurrent.ConcurrentHashMap.get(Ljava/lang/Object;)Ljava/lang/Object; @ 76 c2
Event: 2.957 Thread 0x00000232f66cb000 Uncommon trap: reason=unstable_if action=reinterpret pc=0x00000232e463888c method=java.util.zip.ZipFile$Source.getEntryPos([BZ)I @ 156 c2
Event: 3.002 Thread 0x00000232f69b3800 Uncommon trap: reason=unstable_if action=reinterpret pc=0x00000232e467f320 method=jdk.internal.org.objectweb.asm.Type.getArgumentsAndReturnSizes(Ljava/lang/String;)I @ 47 c2
Event: 3.002 Thread 0x00000232f69b3800 Uncommon trap: reason=unstable_if action=reinterpret pc=0x00000232e46b6894 method=jdk.internal.org.objectweb.asm.Frame.push(Ljdk/internal/org/objectweb/asm/ClassWriter;Ljava/lang/String;)V @ 18 c2
Event: 3.404 Thread 0x00000232f66cb000 Uncommon trap: reason=bimorphic_or_optimized_type_check action=maybe_recompile pc=0x00000232e46e6144 method=java.util.HashMap.putVal(ILjava/lang/Object;Ljava/lang/Object;ZZ)Ljava/lang/Object; @ 203 c2
Event: 3.432 Thread 0x00000232f66cb000 Uncommon trap: reason=bimorphic_or_optimized_type_check action=maybe_recompile pc=0x00000232e46e6144 method=java.util.HashMap.putVal(ILjava/lang/Object;Ljava/lang/Object;ZZ)Ljava/lang/Object; @ 203 c2
Event: 3.455 Thread 0x00000232f66cb000 Uncommon trap: reason=bimorphic_or_optimized_type_check action=maybe_recompile pc=0x00000232e46e6110 method=java.util.HashMap.putVal(ILjava/lang/Object;Ljava/lang/Object;ZZ)Ljava/lang/Object; @ 91 c2
Event: 3.473 Thread 0x00000232f66cb000 Uncommon trap: reason=bimorphic_or_optimized_type_check action=maybe_recompile pc=0x00000232e46e6110 method=java.util.HashMap.putVal(ILjava/lang/Object;Ljava/lang/Object;ZZ)Ljava/lang/Object; @ 91 c2

Classes redefined (0 events):
No events

Internal exceptions (10 events):
Event: 2.906 Thread 0x00000232f66cb000 Exception <a 'java/lang/ClassNotFoundException'{0x000000074e1c1248}: org/springframework/beans/factory/AwareCustomizer> (0x000000074e1c1248) thrown at [./open/src/hotspot/share/classfile/systemDictionary.cpp, line 226]
Event: 2.955 Thread 0x00000232f66cb000 Exception <a 'java/lang/NoSuchMethodError'{0x000000074deb6058}: java.lang.invoke.DirectMethodHandle$Holder.invokeVirtual(Ljava/lang/Object;Ljava/lang/Object;Ljava/lang/Object;)Ljava/lang/Object;> (0x000000074deb6058) thrown at [./open/src/hotspot/share/in
Event: 3.002 Thread 0x00000232f69b3800 Exception <a 'java/lang/NoSuchMethodError'{0x000000074dc226c0}: java.lang.invoke.DirectMethodHandle$Holder.invokeSpecial(Ljava/lang/Object;Ljava/lang/Object;)J> (0x000000074dc226c0) thrown at [./open/src/hotspot/share/interpreter/linkResolver.cpp, line 77
Event: 3.005 Thread 0x00000232f69b3800 Exception <a 'java/lang/NoSuchMethodError'{0x000000074dc2cd20}: java.lang.invoke.DirectMethodHandle$Holder.invokeStatic(Ljava/lang/Object;Ljava/lang/Object;)J> (0x000000074dc2cd20) thrown at [./open/src/hotspot/share/interpreter/linkResolver.cpp, line 772
Event: 3.006 Thread 0x00000232f69b3800 Exception <a 'java/lang/NoSuchMethodError'{0x000000074dc2fb48}: java.lang.invoke.DirectMethodHandle$Holder.invokeStaticInit(Ljava/lang/Object;Ljava/lang/Object;)J> (0x000000074dc2fb48) thrown at [./open/src/hotspot/share/interpreter/linkResolver.cpp, line
Event: 3.009 Thread 0x00000232f69b3800 Exception <a 'java/lang/NoSuchMethodError'{0x000000074dc3c008}: java.lang.invoke.DirectMethodHandle$Holder.invokeInterface(Ljava/lang/Object;Ljava/lang/Object;)J> (0x000000074dc3c008) thrown at [./open/src/hotspot/share/interpreter/linkResolver.cpp, line 
Event: 3.015 Thread 0x00000232f69b3800 Exception <a 'java/lang/IncompatibleClassChangeError'{0x000000074dc3eda0}: Found class java.lang.Object, but interface was expected> (0x000000074dc3eda0) thrown at [./open/src/hotspot/share/interpreter/linkResolver.cpp, line 838]
Event: 3.045 Thread 0x00000232f69b3800 Exception <a 'java/lang/NoSuchMethodError'{0x000000074dbfad68}: java.lang.invoke.DirectMethodHandle$Holder.invokeVirtual(Ljava/lang/Object;Ljava/lang/Object;Ljava/lang/Object;Ljava/lang/Object;)Ljava/lang/Object;> (0x000000074dbfad68) thrown at [./open/sr
Event: 3.259 Thread 0x00000232f66cb000 Exception <a 'java/lang/IncompatibleClassChangeError'{0x000000074ea0d690}: Found class java.lang.Object, but interface was expected> (0x000000074ea0d690) thrown at [./open/src/hotspot/share/interpreter/linkResolver.cpp, line 838]
Event: 3.344 Thread 0x00000232f66cb000 Exception <a 'java/lang/NoSuchMethodError'{0x000000074e99fad0}: java.lang.invoke.DirectMethodHandle$Holder.invokeInterface(Ljava/lang/Object;Ljava/lang/Object;Ljava/lang/Object;Ljava/lang/Object;)V> (0x000000074e99fad0) thrown at [./open/src/hotspot/share

Events (10 events):
Event: 3.819 loading class org/springframework/boot/autoconfigure/data/jpa/JpaRepositoriesAutoConfiguration$JpaRepositoriesImportSelector
Event: 3.819 loading class org/springframework/boot/autoconfigure/data/jpa/JpaRepositoriesAutoConfiguration$JpaRepositoriesImportSelector done
Event: 3.819 loading class org/springframework/data/envers/repository/config/EnableEnversRepositories
Event: 3.819 loading class org/springframework/data/envers/repository/config/EnableEnversRepositories done
Event: 3.820 loading class org/springframework/data/envers/repository/config$EnableEnversRepositories
Event: 3.820 loading class org/springframework/data/envers/repository/config$EnableEnversRepositories done
Event: 3.820 loading class org/springframework/boot/autoconfigure/data/jpa/JpaRepositoriesRegistrar
Event: 3.820 loading class org/springframework/boot/autoconfigure/data/jpa/JpaRepositoriesRegistrar done
Event: 3.821 loading class org/springframework/boot/autoconfigure/data/AbstractRepositoryConfigurationSourceSupport
Event: 3.821 loading class org/springframework/boot/autoconfigure/data/AbstractRepositoryConfigurationSourceSupport done


Dynamic libraries:
0x00007ff616570000 - 0x00007ff61657f000 	C:\dev\setup\jdk-11.0.15.1_windows-x64_bin\jdk-11.0.15.1\bin\java.exe
0x00007ffdf2740000 - 0x00007ffdf2949000 	C:\WINDOWS\SYSTEM32\ntdll.dll
0x00007ffdf18a0000 - 0x00007ffdf195e000 	C:\WINDOWS\System32\KERNEL32.DLL
0x00007ffdeffc0000 - 0x00007ffdf033b000 	C:\WINDOWS\System32\KERNELBASE.dll
0x00007ffdefd30000 - 0x00007ffdefe41000 	C:\WINDOWS\System32\ucrtbase.dll
0x00007ffde7c10000 - 0x00007ffde7c28000 	C:\dev\setup\jdk-11.0.15.1_windows-x64_bin\jdk-11.0.15.1\bin\jli.dll
0x00007ffde73e0000 - 0x00007ffde73f5000 	C:\dev\setup\jdk-11.0.15.1_windows-x64_bin\jdk-11.0.15.1\bin\VCRUNTIME140.dll
0x00007ffdf2070000 - 0x00007ffdf211e000 	C:\WINDOWS\System32\ADVAPI32.dll
0x00007ffdf09e0000 - 0x00007ffdf0a83000 	C:\WINDOWS\System32\msvcrt.dll
0x00007ffdf0940000 - 0x00007ffdf09de000 	C:\WINDOWS\System32\sechost.dll
0x00007ffdf15d0000 - 0x00007ffdf16f0000 	C:\WINDOWS\System32\RPCRT4.dll
0x00007ffdf05d0000 - 0x00007ffdf077d000 	C:\WINDOWS\System32\USER32.dll
0x00007ffdf03b0000 - 0x00007ffdf03d6000 	C:\WINDOWS\System32\win32u.dll
0x00007ffdf1590000 - 0x00007ffdf15b9000 	C:\WINDOWS\System32\GDI32.dll
0x00007ffdbef00000 - 0x00007ffdbf1a5000 	C:\WINDOWS\WinSxS\amd64_microsoft.windows.common-controls_6595b64144ccf1df_6.0.22000.120_none_9d947278b86cc467\COMCTL32.dll
0x00007ffdf03e0000 - 0x00007ffdf04f8000 	C:\WINDOWS\System32\gdi32full.dll
0x00007ffdefc10000 - 0x00007ffdefcad000 	C:\WINDOWS\System32\msvcp_win.dll
0x00007ffde9060000 - 0x00007ffde906a000 	C:\WINDOWS\SYSTEM32\VERSION.dll
0x00007ffdf19e0000 - 0x00007ffdf1a12000 	C:\WINDOWS\System32\IMM32.DLL
0x00007ffdc89c0000 - 0x00007ffdc8a5b000 	C:\dev\setup\jdk-11.0.15.1_windows-x64_bin\jdk-11.0.15.1\bin\msvcp140.dll
0x00007ffd699b0000 - 0x00007ffd6a4c6000 	C:\dev\setup\jdk-11.0.15.1_windows-x64_bin\jdk-11.0.15.1\bin\server\jvm.dll
0x00007ffdf1bc0000 - 0x00007ffdf1bc8000 	C:\WINDOWS\System32\PSAPI.DLL
0x00007ffdd9060000 - 0x00007ffdd9069000 	C:\WINDOWS\SYSTEM32\WSOCK32.dll
0x00007ffdf1400000 - 0x00007ffdf146f000 	C:\WINDOWS\System32\WS2_32.dll
0x00007ffde8050000 - 0x00007ffde8083000 	C:\WINDOWS\SYSTEM32\WINMM.dll
0x00007ffdeec50000 - 0x00007ffdeec68000 	C:\WINDOWS\SYSTEM32\kernel.appcore.dll
0x00007ffdec8f0000 - 0x00007ffdec900000 	C:\dev\setup\jdk-11.0.15.1_windows-x64_bin\jdk-11.0.15.1\bin\verify.dll
0x00007ffded690000 - 0x00007ffded8b1000 	C:\WINDOWS\SYSTEM32\DBGHELP.DLL
0x00007ffded650000 - 0x00007ffded681000 	C:\WINDOWS\SYSTEM32\dbgcore.DLL
0x00007ffdefcb0000 - 0x00007ffdefd2f000 	C:\WINDOWS\System32\bcryptPrimitives.dll
0x00007ffdd6df0000 - 0x00007ffdd6e18000 	C:\dev\setup\jdk-11.0.15.1_windows-x64_bin\jdk-11.0.15.1\bin\java.dll
0x00007ffde73d0000 - 0x00007ffde73da000 	C:\dev\setup\jdk-11.0.15.1_windows-x64_bin\jdk-11.0.15.1\bin\jimage.dll
0x00007ffde1b80000 - 0x00007ffde1b96000 	C:\dev\setup\jdk-11.0.15.1_windows-x64_bin\jdk-11.0.15.1\bin\zip.dll
0x00007ffdf0c40000 - 0x00007ffdf13f8000 	C:\WINDOWS\System32\SHELL32.dll
0x00007ffdedcc0000 - 0x00007ffdee525000 	C:\WINDOWS\SYSTEM32\windows.storage.dll
0x00007ffdf1c90000 - 0x00007ffdf2008000 	C:\WINDOWS\System32\combase.dll
0x00007ffdedb50000 - 0x00007ffdedcb6000 	C:\WINDOWS\SYSTEM32\wintypes.dll
0x00007ffdf16f0000 - 0x00007ffdf17da000 	C:\WINDOWS\System32\SHCORE.dll
0x00007ffdf25b0000 - 0x00007ffdf260d000 	C:\WINDOWS\System32\shlwapi.dll
0x00007ffdefb40000 - 0x00007ffdefb61000 	C:\WINDOWS\SYSTEM32\profapi.dll
0x00007ffde0c20000 - 0x00007ffde0c39000 	C:\dev\setup\jdk-11.0.15.1_windows-x64_bin\jdk-11.0.15.1\bin\net.dll
0x00007ffdecf40000 - 0x00007ffded054000 	C:\WINDOWS\SYSTEM32\WINHTTP.dll
0x00007ffdef0e0000 - 0x00007ffdef147000 	C:\WINDOWS\system32\mswsock.dll
0x00007ffdc8ad0000 - 0x00007ffdc8ae2000 	C:\dev\setup\jdk-11.0.15.1_windows-x64_bin\jdk-11.0.15.1\bin\nio.dll
0x00007ffddcc20000 - 0x00007ffddcc29000 	C:\dev\setup\jdk-11.0.15.1_windows-x64_bin\jdk-11.0.15.1\bin\management.dll
0x00007ffdd6de0000 - 0x00007ffdd6deb000 	C:\dev\setup\jdk-11.0.15.1_windows-x64_bin\jdk-11.0.15.1\bin\management_ext.dll
0x00007ffdcf140000 - 0x00007ffdcf157000 	C:\WINDOWS\system32\napinsp.dll
0x00007ffdcf120000 - 0x00007ffdcf13b000 	C:\WINDOWS\system32\pnrpnsp.dll
0x00007ffdee7b0000 - 0x00007ffdee898000 	C:\WINDOWS\SYSTEM32\DNSAPI.dll
0x00007ffdee780000 - 0x00007ffdee7ad000 	C:\WINDOWS\SYSTEM32\IPHLPAPI.DLL
0x00007ffdf05c0000 - 0x00007ffdf05c9000 	C:\WINDOWS\System32\NSI.dll
0x00007ffdcf100000 - 0x00007ffdcf112000 	C:\WINDOWS\System32\winrnr.dll
0x00007ffde72b0000 - 0x00007ffde72c5000 	C:\WINDOWS\system32\wshbth.dll
0x00007ffddfe20000 - 0x00007ffddfe3f000 	C:\WINDOWS\system32\nlansp_c.dll
0x00007ffde71e0000 - 0x00007ffde71ea000 	C:\Windows\System32\rasadhlp.dll
0x00007ffde77a0000 - 0x00007ffde7821000 	C:\WINDOWS\System32\fwpuclnt.dll

dbghelp: loaded successfully - version: 4.0.5 - missing functions: none
symbol engine: initialized successfully - sym options: 0x614 - pdb path: .;C:\dev\setup\jdk-11.0.15.1_windows-x64_bin\jdk-11.0.15.1\bin;C:\WINDOWS\SYSTEM32;C:\WINDOWS\WinSxS\amd64_microsoft.windows.common-controls_6595b64144ccf1df_6.0.22000.120_none_9d947278b86cc467;C:\dev\setup\jdk-11.0.15.1_windows-x64_bin\jdk-11.0.15.1\bin\server

VM Arguments:
jvm_args: -Dfile.encoding=UTF-8 -Duser.country=KR -Duser.language=ko -Duser.variant 
java_command: com.ch.everyshop.EveryshopApplication
java_class_path (initial): C:\dev\everyshop\everyshop\build\classes\java\main;C:\dev\everyshop\everyshop\build\resources\main;C:\Users\ksky9\.gradle\caches\modules-2\files-2.1\org.springframework.boot\spring-boot-devtools\2.7.6\1ab93f24fe923d1b27b78ca77997886bfcce2e46\spring-boot-devtools-2.7.6.jar;C:\Users\ksky9\.gradle\caches\modules-2\files-2.1\org.springframework.boot\spring-boot-starter-data-jpa\2.7.6\7eef599012347f2fb7f84ba71eba10caf094dfb5\spring-boot-starter-data-jpa-2.7.6.jar;C:\Users\ksky9\.gradle\caches\modules-2\files-2.1\org.springframework.boot\spring-boot-starter-thymeleaf\2.7.6\18056127ee9253fbbb71d80e9dbd10827555ec27\spring-boot-starter-thymeleaf-2.7.6.jar;C:\Users\ksky9\.gradle\caches\modules-2\files-2.1\org.springframework.boot\spring-boot-starter-web\2.7.6\9d0166a0390df593243bdc798ca7a1db20ddea9c\spring-boot-starter-web-2.7.6.jar;C:\Users\ksky9\.gradle\caches\modules-2\files-2.1\org.postgresql\postgresql\42.3.8\d81533a6ff4376590f9ce7ba74b8f3723066f25c\postgresql-42.3.8.jar;C:\Users\ksky9\.gradle\caches\modules-2\files-2.1\org.springframework.boot\spring-boot-starter-aop\2.7.6\23061de1832242610092f212f99d49b9a4955a9d\spring-boot-starter-aop-2.7.6.jar;C:\Users\ksky9\.gradle\caches\modules-2\files-2.1\org.springframework.boot\spring-boot-starter-jdbc\2.7.6\9db6def4ba06a11b67f0de3eac83441d00350dd6\spring-boot-starter-jdbc-2.7.6.jar;C:\Users\ksky9\.gradle\caches\modules-2\files-2.1\org.springframework.boot\spring-boot-starter-json\2.7.6\77017e2aa78224c3fa10444d659c2ce8765b910\spring-boot-starter-json-2.7.6.jar;C:\Users\ksky9\.gradle\caches\modules-2\files-2.1\org.springframework.boot\spring-boot-starter\2.7.6\d15341c0fc0b1d1362ce6c737b34679ad1f836c\spring-boot-starter-2.7.6.jar;C:\Users\ksky9\.gradle\caches\modules-2\files-2.1\org.springframework.boot\spring-boot-autoconfigure\2.7.6\4ad7e89accd25c69bfe84f52202deaf09430be2\spring-boot-autoconfigure-2.7.6.jar;C:\Users\ksky9\.gradle\caches\modules-2\files-2.1\org.springframework.boot\spring-boot\2.7.6\
Launcher Type: SUN_STANDARD

[Global flags]
     intx CICompilerCount                          = 3                                         {product} {ergonomic}
     uint ConcGCThreads                            = 1                                         {product} {ergonomic}
     uint G1ConcRefinementThreads                  = 4                                         {product} {ergonomic}
   size_t G1HeapRegionSize                         = 1048576                                   {product} {ergonomic}
    uintx GCDrainStackTargetSize                   = 64                                        {product} {ergonomic}
   size_t InitialHeapSize                          = 199229440                                 {product} {ergonomic}
   size_t MarkStackSize                            = 4194304                                   {product} {ergonomic}
   size_t MaxHeapSize                              = 3168796672                                {product} {ergonomic}
   size_t MaxNewSize                               = 1901068288                                {product} {ergonomic}
   size_t MinHeapDeltaBytes                        = 1048576                                   {product} {ergonomic}
    uintx NonNMethodCodeHeapSize                   = 5830732                                {pd product} {ergonomic}
    uintx NonProfiledCodeHeapSize                  = 122913754                              {pd product} {ergonomic}
    uintx ProfiledCodeHeapSize                     = 122913754                              {pd product} {ergonomic}
    uintx ReservedCodeCacheSize                    = 251658240                              {pd product} {ergonomic}
     bool SegmentedCodeCache                       = true                                      {product} {ergonomic}
     bool UseCompressedClassPointers               = true                                 {lp64_product} {ergonomic}
     bool UseCompressedOops                        = true                                 {lp64_product} {ergonomic}
     bool UseG1GC                                  = true                                      {product} {ergonomic}
     bool UseLargePagesIndividualAllocation        = false                                  {pd product} {ergonomic}

Logging:
Log output configuration:
 #0: stdout all=warning uptime,level,tags
 #1: stderr all=off uptime,level,tags

Environment Variables:
JAVA_HOME=C:\dev\setup\jdk-11.0.15.1_windows-x64_bin\jdk-11.0.15.1
CLASSPATH=C:\dev\setup\jdk-11.0.15.1_windows-x64_bin\jdk-11.0.15.1\lib;.;
PATH=C:\app\ksky9\product\21c\dbhomeXE\bin;C:\WINDOWS\system32;C:\WINDOWS;C:\WINDOWS\System32\Wbem;C:\WINDOWS\System32\WindowsPowerShell\v1.0\;C:\WINDOWS\System32\OpenSSH\;C:\dev\setup\jdk-11.0.15.1_windows-x64_bin\jdk-11.0.15.1\bin;C:\Program Files\Git\cmd;C:\Program Files\Docker\Docker\resources\bin;C:\ProgramData\DockerDesktop\version-bin;C:\Users\ksky9\AppData\Local\Microsoft\WindowsApps;C:\Users\ksky9\AppData\Local\afreeca;C:\Users\ksky9\AppData\Local\Programs\Microsoft VS Code\bin;C:\dev\setup\gradle-4.10.2-all\gradle-4.10.2\bin;
USERNAME=choonghee
OS=Windows_NT
PROCESSOR_IDENTIFIER=Intel64 Family 6 Model 142 Stepping 12, GenuineIntel



---------------  S Y S T E M  ---------------

OS: Windows 11 , 64 bit Build 22000 (10.0.22000.1219)
Hyper-V role detected

CPU:total 4 (initial active 4) (2 cores per cpu, 2 threads per core) family 6 model 142 stepping 12 microcode 0xde, cmov, cx8, fxsr, mmx, sse, sse2, sse3, ssse3, sse4.1, sse4.2, popcnt, aes, clmul, erms, 3dnowpref, lzcnt, ht, tsc, tscinvbit

Memory: 4k page, system-wide physical 12082M (1252M free)
TotalPageFile size 22331M (AvailPageFile size 3928M)
current process WorkingSet (physical memory assigned to process): 159M, peak: 161M
current process commit charge ("private bytes"): 318M, peak: 322M

vm_info: Java HotSpot(TM) 64-Bit Server VM (11.0.15.1+2-LTS-10) for windows-amd64 JRE (11.0.15.1+2-LTS-10), built on Apr 25 2022 21:51:57 by "mach5one" with MS VC++ 15.9 (VS2017)

END.
