#
# A fatal error has been detected by the Java Runtime Environment:
#
#  EXCEPTION_ACCESS_VIOLATION (0xc0000005) at pc=0x00007ffd69b31546, pid=20812, tid=19888
#
# JRE version: Java(TM) SE Runtime Environment 18.9 (11.0.15.1+2) (build 11.0.15.1+2-LTS-10)
# Java VM: Java HotSpot(TM) 64-Bit Server VM 18.9 (11.0.15.1+2-LTS-10, mixed mode, tiered, compressed oops, g1 gc, windows-amd64)
# Problematic frame:
# V  [jvm.dll+0x181546]
#
# No core dump will be written. Minidumps are not enabled by default on client versions of Windows
#
# If you would like to submit a bug report, please visit:
#   https://bugreport.java.com/bugreport/crash.jsp
#

---------------  S U M M A R Y ------------

Command Line: --add-opens=java.base/java.util=ALL-UNNAMED --add-opens=java.base/java.lang=ALL-UNNAMED --add-opens=java.base/java.lang.invoke=ALL-UNNAMED --add-opens=java.base/java.util=ALL-UNNAMED --add-opens=java.prefs/java.util.prefs=ALL-UNNAMED --add-opens=java.prefs/java.util.prefs=ALL-UNNAMED --add-opens=java.base/java.nio.charset=ALL-UNNAMED --add-opens=java.base/java.net=ALL-UNNAMED --add-opens=java.base/java.util.concurrent.atomic=ALL-UNNAMED -XX:MaxMetaspaceSize=256m -XX:+HeapDumpOnOutOfMemoryError -Xms256m -Xmx512m -Dfile.encoding=UTF-8 -Duser.country=KR -Duser.language=ko -Duser.variant org.gradle.launcher.daemon.bootstrap.GradleDaemon 7.5.1

Host: Intel(R) Pentium(R) CPU 5405U @ 2.30GHz, 4 cores, 11G,  Windows 11 , 64 bit Build 22000 (10.0.22000.1219)
Time: Thu Dec  1 19:33:09 2022 대한민국 표준시 elapsed time: 350.644017 seconds (0d 0h 5m 50s)

---------------  T H R E A D  ---------------

Current thread (0x00000237a22d4800):  ConcurrentGCThread "G1 Conc#0" [stack: 0x000000dc50c00000,0x000000dc50d00000] [id=19888]

Stack: [0x000000dc50c00000,0x000000dc50d00000],  sp=0x000000dc50cff7a8,  free space=1021k
Native frames: (J=compiled Java code, j=interpreted, Vv=VM code, C=native code)
V  [jvm.dll+0x181546]


siginfo: EXCEPTION_ACCESS_VIOLATION (0xc0000005), reading address 0x000000074191f148


Register to memory mapping:

RIP=0x00007ffd69b31546 jvm.dll
RAX=0x0904924800000000 is an unknown value
RBX=0x0904924800000000 is an unknown value
RCX=0x00000000ea31a520 is pointing into object: groovyjarjarantlr4.v4.runtime.atn.ATNConfig 
{0x00000000ea31a518} - klass: 'groovyjarjarantlr4/v4/runtime/atn/ATNConfig'
RDX=0x00000000ea31a520 is pointing into object: groovyjarjarantlr4.v4.runtime.atn.ATNConfig 
{0x00000000ea31a518} - klass: 'groovyjarjarantlr4/v4/runtime/atn/ATNConfig'
RSP=0x000000dc50cff7a8 points into unknown readable memory: 0x00007ffd69b97a29 | 29 7a b9 69 fd 7f 00 00
RBP=0x0 is NULL
RSI=0x0000001000000001 is an unknown value
RDI=0x00000000ea31a520 is pointing into object: groovyjarjarantlr4.v4.runtime.atn.ATNConfig 
{0x00000000ea31a518} - klass: 'groovyjarjarantlr4/v4/runtime/atn/ATNConfig'
R8 =0x0904924800000000 is an unknown value
R9 =0x000000074191f140 is an unknown value
R10=0x00000237a2366ac0 points into unknown readable memory: 0x00007ffd6a223540 | 40 35 22 6a fd 7f 00 00
R11=0x346dc5d63886594b is an unknown value
R12=0x0 is NULL
R13=0x0 is NULL
R14=0x00000237b8dec690 points into unknown readable memory: 0x0904925800000000 | 00 00 00 00 58 92 04 09
R15=0x00000237a22cf880 points into unknown readable memory: 0x00000237a22d3800 | 00 38 2d a2 37 02 00 00


Registers:
RAX=0x0904924800000000, RBX=0x0904924800000000, RCX=0x00000000ea31a520, RDX=0x00000000ea31a520
RSP=0x000000dc50cff7a8, RBP=0x0000000000000000, RSI=0x0000001000000001, RDI=0x00000000ea31a520
R8 =0x0904924800000000, R9 =0x000000074191f140, R10=0x00000237a2366ac0, R11=0x346dc5d63886594b
R12=0x0000000000000000, R13=0x0000000000000000, R14=0x00000237b8dec690, R15=0x00000237a22cf880
RIP=0x00007ffd69b31546, EFLAGS=0x0000000000010202

Top of Stack: (sp=0x000000dc50cff7a8)
0x000000dc50cff7a8:   00007ffd69b97a29 000000000004c4b4
0x000000dc50cff7b8:   0000000001849f4e 00000000ea319a08
0x000000dc50cff7c8:   00000237a22d5580 00000237a22d5201
0x000000dc50cff7d8:   00000237a22d5580 00000000ea31a520
0x000000dc50cff7e8:   00007ffd69b97812 00000237a22d5440
0x000000dc50cff7f8:   00000000ea319b58 00000237a22cf898
0x000000dc50cff808:   000000dc50cff988 000000dc50cff988
0x000000dc50cff818:   00007ffd69b95ebd 0000000000000027
0x000000dc50cff828:   00000000ea319a50 00000237a22d5201
0x000000dc50cff838:   00000237a22cf898 0000000100013190
0x000000dc50cff848:   00007ffd69b95591 0000000000000027
0x000000dc50cff858:   00000000ea319a20 00000000ea319a08
0x000000dc50cff868:   0000000000000000 00000237a22d5440
0x000000dc50cff878:   00007ffd69c8c12e 00000000ea319a20
0x000000dc50cff888:   000000dc50cff940 000000dc50cff940
0x000000dc50cff898:   00007ffd69fd38ac 0000000001480000 

Instructions: (pc=0x00007ffd69b31546)
0x00007ffd69b31526:   00 48 8b 51 08 48 8b c8 e9 0d 00 00 00 cc cc cc
0x00007ffd69b31536:   cc cc cc cc cc cc cc cc cc cc 4c 8b ca 48 8b d1
0x00007ffd69b31546:   45 8b 41 08 45 85 c0 7e 0e 41 f6 c0 01 75 56 41
0x00007ffd69b31556:   c1 f8 03 41 8b c0 c3 79 4c 80 3d 6b 35 8c 00 00 


Stack slot to memory mapping:
stack at sp + 0 slots: 0x00007ffd69b97a29 jvm.dll
stack at sp + 1 slots: 0x000000000004c4b4 is an unknown value
stack at sp + 2 slots: 0x0000000001849f4e is an unknown value
stack at sp + 3 slots: 0x00000000ea319a08 is an oop: java.util.ArrayList 
{0x00000000ea319a08} - klass: 'java/util/ArrayList'
stack at sp + 4 slots: 0x00000237a22d5580 points into unknown readable memory: 0x00007ffd6a25ec80 | 80 ec 25 6a fd 7f 00 00
stack at sp + 5 slots: 0x00000237a22d5201 points into unknown readable memory: 00 00 00 00 00 00 00
stack at sp + 6 slots: 0x00000237a22d5580 points into unknown readable memory: 0x00007ffd6a25ec80 | 80 ec 25 6a fd 7f 00 00
stack at sp + 7 slots: 0x00000000ea31a520 is pointing into object: groovyjarjarantlr4.v4.runtime.atn.ATNConfig 
{0x00000000ea31a518} - klass: 'groovyjarjarantlr4/v4/runtime/atn/ATNConfig'


---------------  P R O C E S S  ---------------

Threads class SMR info:
_java_thread_list=0x00000237c2c9d950, length=36, elements={
0x00000237a22ab000, 0x00000237bc15c800, 0x00000237bc15e000, 0x00000237bc9ea000,
0x00000237bc9eb000, 0x00000237bc9ec800, 0x00000237bc9ef800, 0x00000237bc9f3000,
0x00000237bc196800, 0x00000237bcb42800, 0x00000237bfdb8800, 0x00000237bfc80800,
0x00000237bf51d800, 0x00000237be346800, 0x00000237be346000, 0x00000237be344000,
0x00000237bec98800, 0x00000237bec9f000, 0x00000237bec9a800, 0x00000237bec9b000,
0x00000237bec9d800, 0x00000237bec9c800, 0x00000237beca0000, 0x00000237bec9c000,
0x00000237c225a800, 0x00000237c4712800, 0x00000237c470f800, 0x00000237c4710000,
0x00000237c4711000, 0x00000237c4713800, 0x00000237c4712000, 0x00000237c470d800,
0x00000237c471a000, 0x00000237c4719000, 0x00000237c4717800, 0x00000237c4714000
}

Java Threads: ( => current thread )
  0x00000237a22ab000 JavaThread "main" [_thread_blocked, id=18992, stack(0x000000dc50800000,0x000000dc50900000)]
  0x00000237bc15c800 JavaThread "Reference Handler" daemon [_thread_blocked, id=6724, stack(0x000000dc51000000,0x000000dc51100000)]
  0x00000237bc15e000 JavaThread "Finalizer" daemon [_thread_blocked, id=17532, stack(0x000000dc51100000,0x000000dc51200000)]
  0x00000237bc9ea000 JavaThread "Signal Dispatcher" daemon [_thread_blocked, id=21280, stack(0x000000dc51200000,0x000000dc51300000)]
  0x00000237bc9eb000 JavaThread "Attach Listener" daemon [_thread_blocked, id=14392, stack(0x000000dc51300000,0x000000dc51400000)]
  0x00000237bc9ec800 JavaThread "Service Thread" daemon [_thread_blocked, id=18032, stack(0x000000dc51400000,0x000000dc51500000)]
  0x00000237bc9ef800 JavaThread "C2 CompilerThread0" daemon [_thread_blocked, id=19672, stack(0x000000dc51500000,0x000000dc51600000)]
  0x00000237bc9f3000 JavaThread "C1 CompilerThread0" daemon [_thread_blocked, id=18396, stack(0x000000dc51600000,0x000000dc51700000)]
  0x00000237bc196800 JavaThread "Sweeper thread" daemon [_thread_blocked, id=12216, stack(0x000000dc51700000,0x000000dc51800000)]
  0x00000237bcb42800 JavaThread "Common-Cleaner" daemon [_thread_blocked, id=15732, stack(0x000000dc51800000,0x000000dc51900000)]
  0x00000237bfdb8800 JavaThread "Daemon health stats" [_thread_blocked, id=16420, stack(0x000000dc51d00000,0x000000dc51e00000)]
  0x00000237bfc80800 JavaThread "Incoming local TCP Connector on port 63486" [_thread_in_native, id=21416, stack(0x000000dc51e00000,0x000000dc51f00000)]
  0x00000237bf51d800 JavaThread "Daemon periodic checks" [_thread_blocked, id=6064, stack(0x000000dc51f00000,0x000000dc52000000)]
  0x00000237be346800 JavaThread "Cache worker for journal cache (C:\Users\ksky9\.gradle\caches\journal-1)" [_thread_blocked, id=17908, stack(0x000000dc52700000,0x000000dc52800000)]
  0x00000237be346000 JavaThread "File lock request listener" [_thread_in_native, id=8768, stack(0x000000dc52800000,0x000000dc52900000)]
  0x00000237be344000 JavaThread "Cache worker for file hash cache (C:\Users\ksky9\.gradle\caches\7.5.1\fileHashes)" [_thread_blocked, id=17924, stack(0x000000dc52900000,0x000000dc52a00000)]
  0x00000237bec98800 JavaThread "File watcher server" daemon [_thread_in_native, id=1272, stack(0x000000dc52b00000,0x000000dc52c00000)]
  0x00000237bec9f000 JavaThread "File watcher consumer" daemon [_thread_blocked, id=19080, stack(0x000000dc52c00000,0x000000dc52d00000)]
  0x00000237bec9a800 JavaThread "jar transforms" [_thread_blocked, id=13620, stack(0x000000dc52a00000,0x000000dc52b00000)]
  0x00000237bec9b000 JavaThread "jar transforms Thread 2" [_thread_blocked, id=13576, stack(0x000000dc52d00000,0x000000dc52e00000)]
  0x00000237bec9d800 JavaThread "jar transforms Thread 3" [_thread_blocked, id=17336, stack(0x000000dc52e00000,0x000000dc52f00000)]
  0x00000237bec9c800 JavaThread "jar transforms Thread 4" [_thread_blocked, id=21088, stack(0x000000dc52f00000,0x000000dc53000000)]
  0x00000237beca0000 JavaThread "Cache worker for file content cache (C:\Users\ksky9\.gradle\caches\7.5.1\fileContent)" [_thread_blocked, id=9584, stack(0x000000dc53200000,0x000000dc53300000)]
  0x00000237bec9c000 JavaThread "Cache worker for execution history cache (C:\Users\ksky9\.gradle\caches\7.5.1\executionHistory)" [_thread_blocked, id=17588, stack(0x000000dc53500000,0x000000dc53600000)]
  0x00000237c225a800 JavaThread "Memory manager" [_thread_blocked, id=16840, stack(0x000000dc54c00000,0x000000dc54d00000)]
  0x00000237c4712800 JavaThread "Daemon Thread 2" [_thread_blocked, id=16404, stack(0x000000dc52000000,0x000000dc52100000)]
  0x00000237c470f800 JavaThread "Handler for socket connection from /127.0.0.1:63486 to /127.0.0.1:63633" [_thread_in_native, id=9576, stack(0x000000dc52100000,0x000000dc52200000)]
  0x00000237c4710000 JavaThread "Cancel handler" [_thread_blocked, id=10148, stack(0x000000dc52200000,0x000000dc52300000)]
  0x00000237c4711000 JavaThread "Daemon worker Thread 2" [_thread_in_native, id=6884, stack(0x000000dc52300000,0x000000dc52400000)]
  0x00000237c4713800 JavaThread "Asynchronous log dispatcher for DefaultDaemonConnection: socket connection from /127.0.0.1:63486 to /127.0.0.1:63633" [_thread_blocked, id=16948, stack(0x000000dc52400000,0x000000dc52500000)]
  0x00000237c4712000 JavaThread "Stdin handler" [_thread_blocked, id=18896, stack(0x000000dc52500000,0x000000dc52600000)]
  0x00000237c470d800 JavaThread "Daemon client event forwarder" [_thread_blocked, id=20244, stack(0x000000dc52600000,0x000000dc52700000)]
  0x00000237c471a000 JavaThread "Cache worker for checksums cache (C:\dev\everyshop\everyshop\.gradle\7.5.1\checksums)" [_thread_blocked, id=13744, stack(0x000000dc53000000,0x000000dc53100000)]
  0x00000237c4719000 JavaThread "Cache worker for cache directory md-rule (C:\Users\ksky9\.gradle\caches\7.5.1\md-rule)" [_thread_blocked, id=13124, stack(0x000000dc53100000,0x000000dc53200000)]
  0x00000237c4717800 JavaThread "Cache worker for file hash cache (C:\dev\everyshop\everyshop\.gradle\7.5.1\fileHashes)" [_thread_blocked, id=20384, stack(0x000000dc53300000,0x000000dc53400000)]
  0x00000237c4714000 JavaThread "Cache worker for cache directory md-supplier (C:\Users\ksky9\.gradle\caches\7.5.1\md-supplier)" [_thread_blocked, id=12388, stack(0x000000dc53400000,0x000000dc53500000)]

Other Threads:
  0x00000237bc136800 VMThread "VM Thread" [stack: 0x000000dc50f00000,0x000000dc51000000] [id=4360]
  0x00000237bcb94000 WatcherThread [stack: 0x000000dc51900000,0x000000dc51a00000] [id=8012]
  0x00000237a22c1800 GCTaskThread "GC Thread#0" [stack: 0x000000dc50a00000,0x000000dc50b00000] [id=12020]
  0x00000237bcf4d800 GCTaskThread "GC Thread#1" [stack: 0x000000dc51a00000,0x000000dc51b00000] [id=17344]
  0x00000237bcec9000 GCTaskThread "GC Thread#2" [stack: 0x000000dc51b00000,0x000000dc51c00000] [id=20340]
  0x00000237bd067000 GCTaskThread "GC Thread#3" [stack: 0x000000dc51c00000,0x000000dc51d00000] [id=16352]
  0x00000237a22d3800 ConcurrentGCThread "G1 Main Marker" [stack: 0x000000dc50b00000,0x000000dc50c00000] [id=12196]
=>0x00000237a22d4800 ConcurrentGCThread "G1 Conc#0" [stack: 0x000000dc50c00000,0x000000dc50d00000] [id=19888]
  0x00000237a238b800 ConcurrentGCThread "G1 Refine#0" [stack: 0x000000dc50d00000,0x000000dc50e00000] [id=19844]
  0x00000237a238d000 ConcurrentGCThread "G1 Young RemSet Sampling" [stack: 0x000000dc50e00000,0x000000dc50f00000] [id=9772]

Threads with active compile tasks:

VM state:not at safepoint (normal execution)

VM Mutex/Monitor currently owned by a thread: None

Heap address: 0x00000000e0000000, size: 512 MB, Compressed Oops mode: 32-bit
Narrow klass base: 0x0000000000000000, Narrow klass shift: 3
Compressed class space size: 260046848 Address: 0x0000000100000000

Heap:
 garbage-first heap   total 262144K, used 179712K [0x00000000e0000000, 0x0000000100000000)
  region size 1024K, 8 young (8192K), 6 survivors (6144K)
 Metaspace       used 86466K, capacity 89308K, committed 89472K, reserved 331776K
  class space    used 11005K, capacity 12048K, committed 12160K, reserved 253952K
Heap Regions: E=young(eden), S=young(survivor), O=old, HS=humongous(starts), HC=humongous(continues), CS=collection set, F=free, A=archive, TAMS=top-at-mark-start (previous, next)
|   0|0x00000000e0000000, 0x00000000e0100000, 0x00000000e0100000|100%|HS|  |TAMS 0x00000000e0100000, 0x00000000e0100000| Complete 
|   1|0x00000000e0100000, 0x00000000e0200000, 0x00000000e0200000|100%|HC|  |TAMS 0x00000000e0200000, 0x00000000e0200000| Complete 
|   2|0x00000000e0200000, 0x00000000e0300000, 0x00000000e0300000|100%|HC|  |TAMS 0x00000000e0300000, 0x00000000e0300000| Complete 
|   3|0x00000000e0300000, 0x00000000e0400000, 0x00000000e0400000|100%| O|  |TAMS 0x00000000e0400000, 0x00000000e0400000| Untracked 
|   4|0x00000000e0400000, 0x00000000e0500000, 0x00000000e0500000|100%| O|  |TAMS 0x00000000e0500000, 0x00000000e0500000| Untracked 
|   5|0x00000000e0500000, 0x00000000e0600000, 0x00000000e0600000|100%| O|  |TAMS 0x00000000e0600000, 0x00000000e0600000| Untracked 
|   6|0x00000000e0600000, 0x00000000e0700000, 0x00000000e0700000|100%| O|  |TAMS 0x00000000e0700000, 0x00000000e0700000| Untracked 
|   7|0x00000000e0700000, 0x00000000e0800000, 0x00000000e0800000|100%| O|  |TAMS 0x00000000e0800000, 0x00000000e0800000| Untracked 
|   8|0x00000000e0800000, 0x00000000e0900000, 0x00000000e0900000|100%| O|  |TAMS 0x00000000e0900000, 0x00000000e0900000| Untracked 
|   9|0x00000000e0900000, 0x00000000e0a00000, 0x00000000e0a00000|100%| O|  |TAMS 0x00000000e0a00000, 0x00000000e0a00000| Untracked 
|  10|0x00000000e0a00000, 0x00000000e0b00000, 0x00000000e0b00000|100%| O|  |TAMS 0x00000000e0b00000, 0x00000000e0b00000| Untracked 
|  11|0x00000000e0b00000, 0x00000000e0c00000, 0x00000000e0c00000|100%| O|  |TAMS 0x00000000e0c00000, 0x00000000e0c00000| Untracked 
|  12|0x00000000e0c00000, 0x00000000e0d00000, 0x00000000e0d00000|100%| O|  |TAMS 0x00000000e0d00000, 0x00000000e0d00000| Untracked 
|  13|0x00000000e0d00000, 0x00000000e0e00000, 0x00000000e0e00000|100%| O|  |TAMS 0x00000000e0e00000, 0x00000000e0e00000| Untracked 
|  14|0x00000000e0e00000, 0x00000000e0f00000, 0x00000000e0f00000|100%| O|  |TAMS 0x00000000e0f00000, 0x00000000e0f00000| Untracked 
|  15|0x00000000e0f00000, 0x00000000e1000000, 0x00000000e1000000|100%| O|  |TAMS 0x00000000e1000000, 0x00000000e1000000| Untracked 
|  16|0x00000000e1000000, 0x00000000e1100000, 0x00000000e1100000|100%| O|  |TAMS 0x00000000e1100000, 0x00000000e1100000| Untracked 
|  17|0x00000000e1100000, 0x00000000e1200000, 0x00000000e1200000|100%|HS|  |TAMS 0x00000000e1200000, 0x00000000e1200000| Complete 
|  18|0x00000000e1200000, 0x00000000e1300000, 0x00000000e1300000|100%|HC|  |TAMS 0x00000000e1300000, 0x00000000e1300000| Complete 
|  19|0x00000000e1300000, 0x00000000e1400000, 0x00000000e1400000|100%|HS|  |TAMS 0x00000000e1400000, 0x00000000e1400000| Complete 
|  20|0x00000000e1400000, 0x00000000e1500000, 0x00000000e1500000|100%|HC|  |TAMS 0x00000000e1500000, 0x00000000e1500000| Complete 
|  21|0x00000000e1500000, 0x00000000e1600000, 0x00000000e1600000|100%|HC|  |TAMS 0x00000000e1600000, 0x00000000e1600000| Complete 
|  22|0x00000000e1600000, 0x00000000e1700000, 0x00000000e1700000|100%|HS|  |TAMS 0x00000000e1700000, 0x00000000e1700000| Complete 
|  23|0x00000000e1700000, 0x00000000e1800000, 0x00000000e1800000|100%|HC|  |TAMS 0x00000000e1800000, 0x00000000e1800000| Complete 
|  24|0x00000000e1800000, 0x00000000e1900000, 0x00000000e1900000|100%|HC|  |TAMS 0x00000000e1900000, 0x00000000e1900000| Complete 
|  25|0x00000000e1900000, 0x00000000e1a00000, 0x00000000e1a00000|100%|HS|  |TAMS 0x00000000e1a00000, 0x00000000e1a00000| Complete 
|  26|0x00000000e1a00000, 0x00000000e1b00000, 0x00000000e1b00000|100%|HC|  |TAMS 0x00000000e1b00000, 0x00000000e1b00000| Complete 
|  27|0x00000000e1b00000, 0x00000000e1c00000, 0x00000000e1c00000|100%|HS|  |TAMS 0x00000000e1c00000, 0x00000000e1c00000| Complete 
|  28|0x00000000e1c00000, 0x00000000e1d00000, 0x00000000e1d00000|100%|HC|  |TAMS 0x00000000e1d00000, 0x00000000e1d00000| Complete 
|  29|0x00000000e1d00000, 0x00000000e1e00000, 0x00000000e1e00000|100%|HC|  |TAMS 0x00000000e1e00000, 0x00000000e1e00000| Complete 
|  30|0x00000000e1e00000, 0x00000000e1f00000, 0x00000000e1f00000|100%|HC|  |TAMS 0x00000000e1f00000, 0x00000000e1f00000| Complete 
|  31|0x00000000e1f00000, 0x00000000e2000000, 0x00000000e2000000|100%|HC|  |TAMS 0x00000000e2000000, 0x00000000e2000000| Complete 
|  32|0x00000000e2000000, 0x00000000e2100000, 0x00000000e2100000|100%|HC|  |TAMS 0x00000000e2100000, 0x00000000e2100000| Complete 
|  33|0x00000000e2100000, 0x00000000e2200000, 0x00000000e2200000|100%|HC|  |TAMS 0x00000000e2200000, 0x00000000e2200000| Complete 
|  34|0x00000000e2200000, 0x00000000e2300000, 0x00000000e2300000|100%|HC|  |TAMS 0x00000000e2300000, 0x00000000e2300000| Complete 
|  35|0x00000000e2300000, 0x00000000e2400000, 0x00000000e2400000|100%|HC|  |TAMS 0x00000000e2400000, 0x00000000e2400000| Complete 
|  36|0x00000000e2400000, 0x00000000e2500000, 0x00000000e2500000|100%|HC|  |TAMS 0x00000000e2500000, 0x00000000e2500000| Complete 
|  37|0x00000000e2500000, 0x00000000e2600000, 0x00000000e2600000|100%|HS|  |TAMS 0x00000000e2600000, 0x00000000e2600000| Complete 
|  38|0x00000000e2600000, 0x00000000e2700000, 0x00000000e2700000|100%|HC|  |TAMS 0x00000000e2700000, 0x00000000e2700000| Complete 
|  39|0x00000000e2700000, 0x00000000e2800000, 0x00000000e2800000|100%|HS|  |TAMS 0x00000000e2800000, 0x00000000e2800000| Complete 
|  40|0x00000000e2800000, 0x00000000e2900000, 0x00000000e2900000|100%|HC|  |TAMS 0x00000000e2900000, 0x00000000e2900000| Complete 
|  41|0x00000000e2900000, 0x00000000e2a00000, 0x00000000e2a00000|100%|HC|  |TAMS 0x00000000e2a00000, 0x00000000e2a00000| Complete 
|  42|0x00000000e2a00000, 0x00000000e2b00000, 0x00000000e2b00000|100%|HC|  |TAMS 0x00000000e2b00000, 0x00000000e2b00000| Complete 
|  43|0x00000000e2b00000, 0x00000000e2c00000, 0x00000000e2c00000|100%|HC|  |TAMS 0x00000000e2c00000, 0x00000000e2c00000| Complete 
|  44|0x00000000e2c00000, 0x00000000e2d00000, 0x00000000e2d00000|100%|HC|  |TAMS 0x00000000e2d00000, 0x00000000e2d00000| Complete 
|  45|0x00000000e2d00000, 0x00000000e2e00000, 0x00000000e2e00000|100%|HC|  |TAMS 0x00000000e2e00000, 0x00000000e2e00000| Complete 
|  46|0x00000000e2e00000, 0x00000000e2f00000, 0x00000000e2f00000|100%|HS|  |TAMS 0x00000000e2f00000, 0x00000000e2f00000| Complete 
|  47|0x00000000e2f00000, 0x00000000e3000000, 0x00000000e3000000|100%| O|  |TAMS 0x00000000e3000000, 0x00000000e3000000| Untracked 
|  48|0x00000000e3000000, 0x00000000e3100000, 0x00000000e3100000|100%| O|  |TAMS 0x00000000e3100000, 0x00000000e3100000| Untracked 
|  49|0x00000000e3100000, 0x00000000e3200000, 0x00000000e3200000|100%|HS|  |TAMS 0x00000000e3200000, 0x00000000e3200000| Complete 
|  50|0x00000000e3200000, 0x00000000e3300000, 0x00000000e3300000|100%|HS|  |TAMS 0x00000000e3300000, 0x00000000e3300000| Complete 
|  51|0x00000000e3300000, 0x00000000e3400000, 0x00000000e3400000|100%| O|  |TAMS 0x00000000e3400000, 0x00000000e3400000| Untracked 
|  52|0x00000000e3400000, 0x00000000e3500000, 0x00000000e3500000|100%|HS|  |TAMS 0x00000000e3500000, 0x00000000e3500000| Complete 
|  53|0x00000000e3500000, 0x00000000e3600000, 0x00000000e3600000|100%|HC|  |TAMS 0x00000000e3600000, 0x00000000e3600000| Complete 
|  54|0x00000000e3600000, 0x00000000e3700000, 0x00000000e3700000|100%|HC|  |TAMS 0x00000000e3700000, 0x00000000e3700000| Complete 
|  55|0x00000000e3700000, 0x00000000e3800000, 0x00000000e3800000|100%|HS|  |TAMS 0x00000000e3800000, 0x00000000e3800000| Complete 
|  56|0x00000000e3800000, 0x00000000e3900000, 0x00000000e3900000|100%|HC|  |TAMS 0x00000000e3900000, 0x00000000e3900000| Complete 
|  57|0x00000000e3900000, 0x00000000e3a00000, 0x00000000e3a00000|100%|HS|  |TAMS 0x00000000e3a00000, 0x00000000e3a00000| Complete 
|  58|0x00000000e3a00000, 0x00000000e3b00000, 0x00000000e3b00000|100%|HC|  |TAMS 0x00000000e3b00000, 0x00000000e3b00000| Complete 
|  59|0x00000000e3b00000, 0x00000000e3c00000, 0x00000000e3c00000|100%|HC|  |TAMS 0x00000000e3c00000, 0x00000000e3c00000| Complete 
|  60|0x00000000e3c00000, 0x00000000e3d00000, 0x00000000e3d00000|100%|HC|  |TAMS 0x00000000e3d00000, 0x00000000e3d00000| Complete 
|  61|0x00000000e3d00000, 0x00000000e3e00000, 0x00000000e3e00000|100%|HC|  |TAMS 0x00000000e3e00000, 0x00000000e3e00000| Complete 
|  62|0x00000000e3e00000, 0x00000000e3f00000, 0x00000000e3f00000|100%|HC|  |TAMS 0x00000000e3f00000, 0x00000000e3f00000| Complete 
|  63|0x00000000e3f00000, 0x00000000e4000000, 0x00000000e4000000|100%|HC|  |TAMS 0x00000000e4000000, 0x00000000e4000000| Complete 
|  64|0x00000000e4000000, 0x00000000e4100000, 0x00000000e4100000|100%|HC|  |TAMS 0x00000000e4100000, 0x00000000e4100000| Complete 
|  65|0x00000000e4100000, 0x00000000e4200000, 0x00000000e4200000|100%|HC|  |TAMS 0x00000000e4200000, 0x00000000e4200000| Complete 
|  66|0x00000000e4200000, 0x00000000e4300000, 0x00000000e4300000|100%|HC|  |TAMS 0x00000000e4300000, 0x00000000e4300000| Complete 
|  67|0x00000000e4300000, 0x00000000e4400000, 0x00000000e4400000|100%|HS|  |TAMS 0x00000000e4400000, 0x00000000e4400000| Complete 
|  68|0x00000000e4400000, 0x00000000e4500000, 0x00000000e4500000|100%|HC|  |TAMS 0x00000000e4500000, 0x00000000e4500000| Complete 
|  69|0x00000000e4500000, 0x00000000e4600000, 0x00000000e4600000|100%|HS|  |TAMS 0x00000000e4600000, 0x00000000e4600000| Complete 
|  70|0x00000000e4600000, 0x00000000e4700000, 0x00000000e4700000|100%|HC|  |TAMS 0x00000000e4700000, 0x00000000e4700000| Complete 
|  71|0x00000000e4700000, 0x00000000e4800000, 0x00000000e4800000|100%|HC|  |TAMS 0x00000000e4800000, 0x00000000e4800000| Complete 
|  72|0x00000000e4800000, 0x00000000e4900000, 0x00000000e4900000|100%| O|  |TAMS 0x00000000e4900000, 0x00000000e4900000| Untracked 
|  73|0x00000000e4900000, 0x00000000e4a00000, 0x00000000e4a00000|100%|HS|  |TAMS 0x00000000e4a00000, 0x00000000e4a00000| Complete 
|  74|0x00000000e4a00000, 0x00000000e4b00000, 0x00000000e4b00000|100%|HC|  |TAMS 0x00000000e4b00000, 0x00000000e4b00000| Complete 
|  75|0x00000000e4b00000, 0x00000000e4c00000, 0x00000000e4c00000|100%|HC|  |TAMS 0x00000000e4c00000, 0x00000000e4c00000| Complete 
|  76|0x00000000e4c00000, 0x00000000e4d00000, 0x00000000e4d00000|100%|HC|  |TAMS 0x00000000e4d00000, 0x00000000e4d00000| Complete 
|  77|0x00000000e4d00000, 0x00000000e4e00000, 0x00000000e4e00000|100%|HC|  |TAMS 0x00000000e4e00000, 0x00000000e4e00000| Complete 
|  78|0x00000000e4e00000, 0x00000000e4f00000, 0x00000000e4f00000|100%|HC|  |TAMS 0x00000000e4f00000, 0x00000000e4f00000| Complete 
|  79|0x00000000e4f00000, 0x00000000e5000000, 0x00000000e5000000|100%|HC|  |TAMS 0x00000000e5000000, 0x00000000e5000000| Complete 
|  80|0x00000000e5000000, 0x00000000e5100000, 0x00000000e5100000|100%|HC|  |TAMS 0x00000000e5100000, 0x00000000e5100000| Complete 
|  81|0x00000000e5100000, 0x00000000e5200000, 0x00000000e5200000|100%| O|  |TAMS 0x00000000e5200000, 0x00000000e5200000| Untracked 
|  82|0x00000000e5200000, 0x00000000e5300000, 0x00000000e5300000|100%| O|  |TAMS 0x00000000e5300000, 0x00000000e5300000| Untracked 
|  83|0x00000000e5300000, 0x00000000e5400000, 0x00000000e5400000|100%| O|  |TAMS 0x00000000e5400000, 0x00000000e5400000| Untracked 
|  84|0x00000000e5400000, 0x00000000e5500000, 0x00000000e5500000|100%| O|  |TAMS 0x00000000e5500000, 0x00000000e5500000| Untracked 
|  85|0x00000000e5500000, 0x00000000e5600000, 0x00000000e5600000|100%| O|  |TAMS 0x00000000e5600000, 0x00000000e5600000| Untracked 
|  86|0x00000000e5600000, 0x00000000e5700000, 0x00000000e5700000|100%| O|  |TAMS 0x00000000e5700000, 0x00000000e5700000| Untracked 
|  87|0x00000000e5700000, 0x00000000e5800000, 0x00000000e5800000|100%| O|  |TAMS 0x00000000e5800000, 0x00000000e5800000| Untracked 
|  88|0x00000000e5800000, 0x00000000e5900000, 0x00000000e5900000|100%| O|  |TAMS 0x00000000e5900000, 0x00000000e5900000| Untracked 
|  89|0x00000000e5900000, 0x00000000e5a00000, 0x00000000e5a00000|100%| O|  |TAMS 0x00000000e5a00000, 0x00000000e5a00000| Untracked 
|  90|0x00000000e5a00000, 0x00000000e5b00000, 0x00000000e5b00000|100%| O|  |TAMS 0x00000000e5b00000, 0x00000000e5b00000| Untracked 
|  91|0x00000000e5b00000, 0x00000000e5c00000, 0x00000000e5c00000|100%| O|  |TAMS 0x00000000e5c00000, 0x00000000e5c00000| Untracked 
|  92|0x00000000e5c00000, 0x00000000e5d00000, 0x00000000e5d00000|100%| O|  |TAMS 0x00000000e5d00000, 0x00000000e5d00000| Untracked 
|  93|0x00000000e5d00000, 0x00000000e5e00000, 0x00000000e5e00000|100%| O|  |TAMS 0x00000000e5e00000, 0x00000000e5e00000| Untracked 
|  94|0x00000000e5e00000, 0x00000000e5f00000, 0x00000000e5f00000|100%| O|  |TAMS 0x00000000e5f00000, 0x00000000e5f00000| Untracked 
|  95|0x00000000e5f00000, 0x00000000e6000000, 0x00000000e6000000|100%|HS|  |TAMS 0x00000000e6000000, 0x00000000e6000000| Complete 
|  96|0x00000000e6000000, 0x00000000e6100000, 0x00000000e6100000|100%|HC|  |TAMS 0x00000000e6100000, 0x00000000e6100000| Complete 
|  97|0x00000000e6100000, 0x00000000e6200000, 0x00000000e6200000|100%|HS|  |TAMS 0x00000000e6200000, 0x00000000e6200000| Complete 
|  98|0x00000000e6200000, 0x00000000e6300000, 0x00000000e6300000|100%|HC|  |TAMS 0x00000000e6300000, 0x00000000e6300000| Complete 
|  99|0x00000000e6300000, 0x00000000e6400000, 0x00000000e6400000|100%|HC|  |TAMS 0x00000000e6400000, 0x00000000e6400000| Complete 
| 100|0x00000000e6400000, 0x00000000e6500000, 0x00000000e6500000|100%|HS|  |TAMS 0x00000000e6500000, 0x00000000e6500000| Complete 
| 101|0x00000000e6500000, 0x00000000e6600000, 0x00000000e6600000|100%|HC|  |TAMS 0x00000000e6600000, 0x00000000e6600000| Complete 
| 102|0x00000000e6600000, 0x00000000e6700000, 0x00000000e6700000|100%|HC|  |TAMS 0x00000000e6700000, 0x00000000e6700000| Complete 
| 103|0x00000000e6700000, 0x00000000e6800000, 0x00000000e6800000|100%|HS|  |TAMS 0x00000000e6800000, 0x00000000e6800000| Complete 
| 104|0x00000000e6800000, 0x00000000e6900000, 0x00000000e6900000|100%|HC|  |TAMS 0x00000000e6900000, 0x00000000e6900000| Complete 
| 105|0x00000000e6900000, 0x00000000e6a00000, 0x00000000e6a00000|100%|HS|  |TAMS 0x00000000e6a00000, 0x00000000e6a00000| Complete 
| 106|0x00000000e6a00000, 0x00000000e6b00000, 0x00000000e6b00000|100%|HC|  |TAMS 0x00000000e6b00000, 0x00000000e6b00000| Complete 
| 107|0x00000000e6b00000, 0x00000000e6c00000, 0x00000000e6c00000|100%|HC|  |TAMS 0x00000000e6c00000, 0x00000000e6c00000| Complete 
| 108|0x00000000e6c00000, 0x00000000e6d00000, 0x00000000e6d00000|100%|HC|  |TAMS 0x00000000e6d00000, 0x00000000e6d00000| Complete 
| 109|0x00000000e6d00000, 0x00000000e6e00000, 0x00000000e6e00000|100%|HC|  |TAMS 0x00000000e6e00000, 0x00000000e6e00000| Complete 
| 110|0x00000000e6e00000, 0x00000000e6f00000, 0x00000000e6f00000|100%|HC|  |TAMS 0x00000000e6f00000, 0x00000000e6f00000| Complete 
| 111|0x00000000e6f00000, 0x00000000e7000000, 0x00000000e7000000|100%|HC|  |TAMS 0x00000000e7000000, 0x00000000e7000000| Complete 
| 112|0x00000000e7000000, 0x00000000e7100000, 0x00000000e7100000|100%|HC|  |TAMS 0x00000000e7100000, 0x00000000e7100000| Complete 
| 113|0x00000000e7100000, 0x00000000e7200000, 0x00000000e7200000|100%|HC|  |TAMS 0x00000000e7200000, 0x00000000e7200000| Complete 
| 114|0x00000000e7200000, 0x00000000e7300000, 0x00000000e7300000|100%|HC|  |TAMS 0x00000000e7300000, 0x00000000e7300000| Complete 
| 115|0x00000000e7300000, 0x00000000e7400000, 0x00000000e7400000|100%|HS|  |TAMS 0x00000000e7400000, 0x00000000e7400000| Complete 
| 116|0x00000000e7400000, 0x00000000e7500000, 0x00000000e7500000|100%|HC|  |TAMS 0x00000000e7500000, 0x00000000e7500000| Complete 
| 117|0x00000000e7500000, 0x00000000e7600000, 0x00000000e7600000|100%|HS|  |TAMS 0x00000000e7600000, 0x00000000e7600000| Complete 
| 118|0x00000000e7600000, 0x00000000e7700000, 0x00000000e7700000|100%|HC|  |TAMS 0x00000000e7700000, 0x00000000e7700000| Complete 
| 119|0x00000000e7700000, 0x00000000e7800000, 0x00000000e7800000|100%|HC|  |TAMS 0x00000000e7800000, 0x00000000e7800000| Complete 
| 120|0x00000000e7800000, 0x00000000e7900000, 0x00000000e7900000|100%|HC|  |TAMS 0x00000000e7900000, 0x00000000e7900000| Complete 
| 121|0x00000000e7900000, 0x00000000e7a00000, 0x00000000e7a00000|100%|HC|  |TAMS 0x00000000e7a00000, 0x00000000e7a00000| Complete 
| 122|0x00000000e7a00000, 0x00000000e7b00000, 0x00000000e7b00000|100%|HC|  |TAMS 0x00000000e7b00000, 0x00000000e7b00000| Complete 
| 123|0x00000000e7b00000, 0x00000000e7c00000, 0x00000000e7c00000|100%|HC|  |TAMS 0x00000000e7c00000, 0x00000000e7c00000| Complete 
| 124|0x00000000e7c00000, 0x00000000e7d00000, 0x00000000e7d00000|100%| O|  |TAMS 0x00000000e7d00000, 0x00000000e7d00000| Untracked 
| 125|0x00000000e7d00000, 0x00000000e7e00000, 0x00000000e7e00000|100%| O|  |TAMS 0x00000000e7e00000, 0x00000000e7e00000| Untracked 
| 126|0x00000000e7e00000, 0x00000000e7f00000, 0x00000000e7f00000|100%| O|  |TAMS 0x00000000e7f00000, 0x00000000e7f00000| Untracked 
| 127|0x00000000e7f00000, 0x00000000e8000000, 0x00000000e8000000|100%| O|  |TAMS 0x00000000e8000000, 0x00000000e8000000| Untracked 
| 128|0x00000000e8000000, 0x00000000e8100000, 0x00000000e8100000|100%| O|  |TAMS 0x00000000e8100000, 0x00000000e8100000| Untracked 
| 129|0x00000000e8100000, 0x00000000e8200000, 0x00000000e8200000|100%| O|  |TAMS 0x00000000e8200000, 0x00000000e8200000| Untracked 
| 130|0x00000000e8200000, 0x00000000e8300000, 0x00000000e8300000|100%| O|  |TAMS 0x00000000e8300000, 0x00000000e8300000| Untracked 
| 131|0x00000000e8300000, 0x00000000e8400000, 0x00000000e8400000|100%| O|  |TAMS 0x00000000e8400000, 0x00000000e8400000| Untracked 
| 132|0x00000000e8400000, 0x00000000e8500000, 0x00000000e8500000|100%| O|  |TAMS 0x00000000e8500000, 0x00000000e8500000| Untracked 
| 133|0x00000000e8500000, 0x00000000e8600000, 0x00000000e8600000|100%| O|  |TAMS 0x00000000e8600000, 0x00000000e8600000| Untracked 
| 134|0x00000000e8600000, 0x00000000e8700000, 0x00000000e8700000|100%| O|  |TAMS 0x00000000e8700000, 0x00000000e8700000| Untracked 
| 135|0x00000000e8700000, 0x00000000e8800000, 0x00000000e8800000|100%| O|  |TAMS 0x00000000e8800000, 0x00000000e8800000| Untracked 
| 136|0x00000000e8800000, 0x00000000e8900000, 0x00000000e8900000|100%|HS|  |TAMS 0x00000000e8900000, 0x00000000e8900000| Complete 
| 137|0x00000000e8900000, 0x00000000e8a00000, 0x00000000e8a00000|100%|HS|  |TAMS 0x00000000e8a00000, 0x00000000e8a00000| Complete 
| 138|0x00000000e8a00000, 0x00000000e8b00000, 0x00000000e8b00000|100%| O|  |TAMS 0x00000000e8b00000, 0x00000000e8b00000| Untracked 
| 139|0x00000000e8b00000, 0x00000000e8c00000, 0x00000000e8c00000|100%| O|  |TAMS 0x00000000e8c00000, 0x00000000e8c00000| Untracked 
| 140|0x00000000e8c00000, 0x00000000e8d00000, 0x00000000e8d00000|100%| O|  |TAMS 0x00000000e8d00000, 0x00000000e8d00000| Untracked 
| 141|0x00000000e8d00000, 0x00000000e8e00000, 0x00000000e8e00000|100%| O|  |TAMS 0x00000000e8e00000, 0x00000000e8e00000| Untracked 
| 142|0x00000000e8e00000, 0x00000000e8f00000, 0x00000000e8f00000|100%| O|  |TAMS 0x00000000e8f00000, 0x00000000e8f00000| Untracked 
| 143|0x00000000e8f00000, 0x00000000e9000000, 0x00000000e9000000|100%| O|  |TAMS 0x00000000e9000000, 0x00000000e9000000| Untracked 
| 144|0x00000000e9000000, 0x00000000e9100000, 0x00000000e9100000|100%| O|  |TAMS 0x00000000e9100000, 0x00000000e9100000| Untracked 
| 145|0x00000000e9100000, 0x00000000e9200000, 0x00000000e9200000|100%| O|  |TAMS 0x00000000e9200000, 0x00000000e9200000| Untracked 
| 146|0x00000000e9200000, 0x00000000e9300000, 0x00000000e9300000|100%| O|  |TAMS 0x00000000e9300000, 0x00000000e9300000| Untracked 
| 147|0x00000000e9300000, 0x00000000e9400000, 0x00000000e9400000|100%| O|  |TAMS 0x00000000e9400000, 0x00000000e9400000| Untracked 
| 148|0x00000000e9400000, 0x00000000e9500000, 0x00000000e9500000|100%| O|  |TAMS 0x00000000e9500000, 0x00000000e9500000| Untracked 
| 149|0x00000000e9500000, 0x00000000e9600000, 0x00000000e9600000|100%| O|  |TAMS 0x00000000e9600000, 0x00000000e9600000| Untracked 
| 150|0x00000000e9600000, 0x00000000e9700000, 0x00000000e9700000|100%| O|  |TAMS 0x00000000e9700000, 0x00000000e9700000| Untracked 
| 151|0x00000000e9700000, 0x00000000e9800000, 0x00000000e9800000|100%| O|  |TAMS 0x00000000e9800000, 0x00000000e9800000| Untracked 
| 152|0x00000000e9800000, 0x00000000e9900000, 0x00000000e9900000|100%| O|  |TAMS 0x00000000e9900000, 0x00000000e9900000| Untracked 
| 153|0x00000000e9900000, 0x00000000e9a00000, 0x00000000e9a00000|100%| O|  |TAMS 0x00000000e9a00000, 0x00000000e9a00000| Untracked 
| 154|0x00000000e9a00000, 0x00000000e9b00000, 0x00000000e9b00000|100%| O|  |TAMS 0x00000000e9b00000, 0x00000000e9b00000| Untracked 
| 155|0x00000000e9b00000, 0x00000000e9c00000, 0x00000000e9c00000|100%| O|  |TAMS 0x00000000e9c00000, 0x00000000e9c00000| Untracked 
| 156|0x00000000e9c00000, 0x00000000e9d00000, 0x00000000e9d00000|100%| O|  |TAMS 0x00000000e9d00000, 0x00000000e9d00000| Untracked 
| 157|0x00000000e9d00000, 0x00000000e9e00000, 0x00000000e9e00000|100%| O|  |TAMS 0x00000000e9e00000, 0x00000000e9e00000| Untracked 
| 158|0x00000000e9e00000, 0x00000000e9f00000, 0x00000000e9f00000|100%| O|  |TAMS 0x00000000e9f00000, 0x00000000e9f00000| Untracked 
| 159|0x00000000e9f00000, 0x00000000ea000000, 0x00000000ea000000|100%| O|  |TAMS 0x00000000ea000000, 0x00000000ea000000| Untracked 
| 160|0x00000000ea000000, 0x00000000ea100000, 0x00000000ea100000|100%| O|  |TAMS 0x00000000ea100000, 0x00000000ea100000| Untracked 
| 161|0x00000000ea100000, 0x00000000ea200000, 0x00000000ea200000|100%| O|  |TAMS 0x00000000ea200000, 0x00000000ea200000| Untracked 
| 162|0x00000000ea200000, 0x00000000ea300000, 0x00000000ea300000|100%| O|  |TAMS 0x00000000ea238e00, 0x00000000ea300000| Untracked 
| 163|0x00000000ea300000, 0x00000000ea400000, 0x00000000ea400000|100%| O|  |TAMS 0x00000000ea300000, 0x00000000ea400000| Untracked 
| 164|0x00000000ea400000, 0x00000000ea500000, 0x00000000ea500000|100%| O|  |TAMS 0x00000000ea400000, 0x00000000ea500000| Untracked 
| 165|0x00000000ea500000, 0x00000000ea600000, 0x00000000ea600000|100%| O|  |TAMS 0x00000000ea500000, 0x00000000ea600000| Untracked 
| 166|0x00000000ea600000, 0x00000000ea700000, 0x00000000ea700000|100%| O|  |TAMS 0x00000000ea600000, 0x00000000ea700000| Untracked 
| 167|0x00000000ea700000, 0x00000000ea800000, 0x00000000ea800000|100%| O|  |TAMS 0x00000000ea700000, 0x00000000ea800000| Untracked 
| 168|0x00000000ea800000, 0x00000000ea89ea00, 0x00000000ea900000| 61%| O|  |TAMS 0x00000000ea800000, 0x00000000ea89ea00| Untracked 
| 169|0x00000000ea900000, 0x00000000ea900000, 0x00000000eaa00000|  0%| F|  |TAMS 0x00000000ea900000, 0x00000000ea900000| Untracked 
| 170|0x00000000eaa00000, 0x00000000eaa00000, 0x00000000eab00000|  0%| F|  |TAMS 0x00000000eaa00000, 0x00000000eaa00000| Untracked 
| 171|0x00000000eab00000, 0x00000000eab00000, 0x00000000eac00000|  0%| F|  |TAMS 0x00000000eab00000, 0x00000000eab00000| Untracked 
| 172|0x00000000eac00000, 0x00000000eac00000, 0x00000000ead00000|  0%| F|  |TAMS 0x00000000eac00000, 0x00000000eac00000| Untracked 
| 173|0x00000000ead00000, 0x00000000ead00000, 0x00000000eae00000|  0%| F|  |TAMS 0x00000000ead00000, 0x00000000ead00000| Untracked 
| 174|0x00000000eae00000, 0x00000000eae00000, 0x00000000eaf00000|  0%| F|  |TAMS 0x00000000eae00000, 0x00000000eae00000| Untracked 
| 175|0x00000000eaf00000, 0x00000000eaf00000, 0x00000000eb000000|  0%| F|  |TAMS 0x00000000eaf00000, 0x00000000eaf00000| Untracked 
| 176|0x00000000eb000000, 0x00000000eb000000, 0x00000000eb100000|  0%| F|  |TAMS 0x00000000eb000000, 0x00000000eb000000| Untracked 
| 177|0x00000000eb100000, 0x00000000eb100000, 0x00000000eb200000|  0%| F|  |TAMS 0x00000000eb100000, 0x00000000eb100000| Untracked 
| 178|0x00000000eb200000, 0x00000000eb200000, 0x00000000eb300000|  0%| F|  |TAMS 0x00000000eb200000, 0x00000000eb200000| Untracked 
| 179|0x00000000eb300000, 0x00000000eb300000, 0x00000000eb400000|  0%| F|  |TAMS 0x00000000eb300000, 0x00000000eb300000| Untracked 
| 180|0x00000000eb400000, 0x00000000eb400000, 0x00000000eb500000|  0%| F|  |TAMS 0x00000000eb400000, 0x00000000eb400000| Untracked 
| 181|0x00000000eb500000, 0x00000000eb500000, 0x00000000eb600000|  0%| F|  |TAMS 0x00000000eb500000, 0x00000000eb500000| Untracked 
| 182|0x00000000eb600000, 0x00000000eb600000, 0x00000000eb700000|  0%| F|  |TAMS 0x00000000eb600000, 0x00000000eb600000| Untracked 
| 183|0x00000000eb700000, 0x00000000eb700000, 0x00000000eb800000|  0%| F|  |TAMS 0x00000000eb700000, 0x00000000eb700000| Untracked 
| 184|0x00000000eb800000, 0x00000000eb800000, 0x00000000eb900000|  0%| F|  |TAMS 0x00000000eb800000, 0x00000000eb800000| Untracked 
| 185|0x00000000eb900000, 0x00000000eb900000, 0x00000000eba00000|  0%| F|  |TAMS 0x00000000eb900000, 0x00000000eb900000| Untracked 
| 186|0x00000000eba00000, 0x00000000eba00000, 0x00000000ebb00000|  0%| F|  |TAMS 0x00000000eba00000, 0x00000000eba00000| Untracked 
| 187|0x00000000ebb00000, 0x00000000ebb00000, 0x00000000ebc00000|  0%| F|  |TAMS 0x00000000ebb00000, 0x00000000ebb00000| Untracked 
| 188|0x00000000ebc00000, 0x00000000ebc00000, 0x00000000ebd00000|  0%| F|  |TAMS 0x00000000ebc00000, 0x00000000ebc00000| Untracked 
| 189|0x00000000ebd00000, 0x00000000ebd00000, 0x00000000ebe00000|  0%| F|  |TAMS 0x00000000ebd00000, 0x00000000ebd00000| Untracked 
| 190|0x00000000ebe00000, 0x00000000ebe00000, 0x00000000ebf00000|  0%| F|  |TAMS 0x00000000ebe00000, 0x00000000ebe00000| Untracked 
| 191|0x00000000ebf00000, 0x00000000ebf00000, 0x00000000ec000000|  0%| F|  |TAMS 0x00000000ebf00000, 0x00000000ebf00000| Untracked 
| 192|0x00000000ec000000, 0x00000000ec000000, 0x00000000ec100000|  0%| F|  |TAMS 0x00000000ec000000, 0x00000000ec000000| Untracked 
| 193|0x00000000ec100000, 0x00000000ec100000, 0x00000000ec200000|  0%| F|  |TAMS 0x00000000ec100000, 0x00000000ec100000| Untracked 
| 194|0x00000000ec200000, 0x00000000ec200000, 0x00000000ec300000|  0%| F|  |TAMS 0x00000000ec200000, 0x00000000ec200000| Untracked 
| 195|0x00000000ec300000, 0x00000000ec300000, 0x00000000ec400000|  0%| F|  |TAMS 0x00000000ec300000, 0x00000000ec300000| Untracked 
| 196|0x00000000ec400000, 0x00000000ec400000, 0x00000000ec500000|  0%| F|  |TAMS 0x00000000ec400000, 0x00000000ec400000| Untracked 
| 197|0x00000000ec500000, 0x00000000ec500000, 0x00000000ec600000|  0%| F|  |TAMS 0x00000000ec500000, 0x00000000ec500000| Untracked 
| 198|0x00000000ec600000, 0x00000000ec600000, 0x00000000ec700000|  0%| F|  |TAMS 0x00000000ec600000, 0x00000000ec600000| Untracked 
| 199|0x00000000ec700000, 0x00000000ec7e17f8, 0x00000000ec800000| 88%| S|CS|TAMS 0x00000000ec700000, 0x00000000ec700000| Complete 
| 200|0x00000000ec800000, 0x00000000ec900000, 0x00000000ec900000|100%| S|CS|TAMS 0x00000000ec800000, 0x00000000ec800000| Complete 
| 201|0x00000000ec900000, 0x00000000ec900000, 0x00000000eca00000|  0%| F|  |TAMS 0x00000000ec900000, 0x00000000ec900000| Untracked 
| 202|0x00000000eca00000, 0x00000000ecb00000, 0x00000000ecb00000|100%| S|CS|TAMS 0x00000000eca00000, 0x00000000eca00000| Complete 
| 203|0x00000000ecb00000, 0x00000000ecc00000, 0x00000000ecc00000|100%| S|CS|TAMS 0x00000000ecb00000, 0x00000000ecb00000| Complete 
| 204|0x00000000ecc00000, 0x00000000ecc00000, 0x00000000ecd00000|  0%| F|  |TAMS 0x00000000ecc00000, 0x00000000ecc00000| Untracked 
| 205|0x00000000ecd00000, 0x00000000ecd00000, 0x00000000ece00000|  0%| F|  |TAMS 0x00000000ecd00000, 0x00000000ecd00000| Untracked 
| 206|0x00000000ece00000, 0x00000000ecf00000, 0x00000000ecf00000|100%| S|CS|TAMS 0x00000000ece00000, 0x00000000ece00000| Complete 
| 207|0x00000000ecf00000, 0x00000000ed000000, 0x00000000ed000000|100%| S|CS|TAMS 0x00000000ecf00000, 0x00000000ecf00000| Complete 
| 208|0x00000000ed000000, 0x00000000ed000000, 0x00000000ed100000|  0%| F|  |TAMS 0x00000000ed000000, 0x00000000ed000000| Untracked 
| 209|0x00000000ed100000, 0x00000000ed100000, 0x00000000ed200000|  0%| F|  |TAMS 0x00000000ed100000, 0x00000000ed100000| Untracked 
| 210|0x00000000ed200000, 0x00000000ed200000, 0x00000000ed300000|  0%| F|  |TAMS 0x00000000ed200000, 0x00000000ed200000| Untracked 
| 211|0x00000000ed300000, 0x00000000ed300000, 0x00000000ed400000|  0%| F|  |TAMS 0x00000000ed300000, 0x00000000ed300000| Untracked 
| 212|0x00000000ed400000, 0x00000000ed400000, 0x00000000ed500000|  0%| F|  |TAMS 0x00000000ed400000, 0x00000000ed400000| Untracked 
| 213|0x00000000ed500000, 0x00000000ed500000, 0x00000000ed600000|  0%| F|  |TAMS 0x00000000ed500000, 0x00000000ed500000| Untracked 
| 214|0x00000000ed600000, 0x00000000ed600000, 0x00000000ed700000|  0%| F|  |TAMS 0x00000000ed600000, 0x00000000ed600000| Untracked 
| 215|0x00000000ed700000, 0x00000000ed700000, 0x00000000ed800000|  0%| F|  |TAMS 0x00000000ed700000, 0x00000000ed700000| Untracked 
| 216|0x00000000ed800000, 0x00000000ed800000, 0x00000000ed900000|  0%| F|  |TAMS 0x00000000ed800000, 0x00000000ed800000| Untracked 
| 217|0x00000000ed900000, 0x00000000ed900000, 0x00000000eda00000|  0%| F|  |TAMS 0x00000000ed900000, 0x00000000ed900000| Untracked 
| 218|0x00000000eda00000, 0x00000000eda00000, 0x00000000edb00000|  0%| F|  |TAMS 0x00000000eda00000, 0x00000000eda00000| Untracked 
| 219|0x00000000edb00000, 0x00000000edb00000, 0x00000000edc00000|  0%| F|  |TAMS 0x00000000edb00000, 0x00000000edb00000| Untracked 
| 220|0x00000000edc00000, 0x00000000edc00000, 0x00000000edd00000|  0%| F|  |TAMS 0x00000000edc00000, 0x00000000edc00000| Untracked 
| 221|0x00000000edd00000, 0x00000000edd00000, 0x00000000ede00000|  0%| F|  |TAMS 0x00000000edd00000, 0x00000000edd00000| Untracked 
| 222|0x00000000ede00000, 0x00000000ede00000, 0x00000000edf00000|  0%| F|  |TAMS 0x00000000ede00000, 0x00000000ede00000| Untracked 
| 223|0x00000000edf00000, 0x00000000edf00000, 0x00000000ee000000|  0%| F|  |TAMS 0x00000000edf00000, 0x00000000edf00000| Untracked 
| 224|0x00000000ee000000, 0x00000000ee000000, 0x00000000ee100000|  0%| F|  |TAMS 0x00000000ee000000, 0x00000000ee000000| Untracked 
| 225|0x00000000ee100000, 0x00000000ee100000, 0x00000000ee200000|  0%| F|  |TAMS 0x00000000ee100000, 0x00000000ee100000| Untracked 
| 226|0x00000000ee200000, 0x00000000ee200000, 0x00000000ee300000|  0%| F|  |TAMS 0x00000000ee200000, 0x00000000ee200000| Untracked 
| 227|0x00000000ee300000, 0x00000000ee300000, 0x00000000ee400000|  0%| F|  |TAMS 0x00000000ee300000, 0x00000000ee300000| Untracked 
| 228|0x00000000ee400000, 0x00000000ee400000, 0x00000000ee500000|  0%| F|  |TAMS 0x00000000ee400000, 0x00000000ee400000| Untracked 
| 229|0x00000000ee500000, 0x00000000ee500000, 0x00000000ee600000|  0%| F|  |TAMS 0x00000000ee500000, 0x00000000ee500000| Untracked 
| 230|0x00000000ee600000, 0x00000000ee600000, 0x00000000ee700000|  0%| F|  |TAMS 0x00000000ee600000, 0x00000000ee600000| Untracked 
| 231|0x00000000ee700000, 0x00000000ee700000, 0x00000000ee800000|  0%| F|  |TAMS 0x00000000ee700000, 0x00000000ee700000| Untracked 
| 232|0x00000000ee800000, 0x00000000ee800000, 0x00000000ee900000|  0%| F|  |TAMS 0x00000000ee800000, 0x00000000ee800000| Untracked 
| 233|0x00000000ee900000, 0x00000000ee900000, 0x00000000eea00000|  0%| F|  |TAMS 0x00000000ee900000, 0x00000000ee900000| Untracked 
| 234|0x00000000eea00000, 0x00000000eea00000, 0x00000000eeb00000|  0%| F|  |TAMS 0x00000000eea00000, 0x00000000eea00000| Untracked 
| 235|0x00000000eeb00000, 0x00000000eeb00000, 0x00000000eec00000|  0%| F|  |TAMS 0x00000000eeb00000, 0x00000000eeb00000| Untracked 
| 236|0x00000000eec00000, 0x00000000eec00000, 0x00000000eed00000|  0%| F|  |TAMS 0x00000000eec00000, 0x00000000eec00000| Untracked 
| 237|0x00000000eed00000, 0x00000000eed00000, 0x00000000eee00000|  0%| F|  |TAMS 0x00000000eed00000, 0x00000000eed00000| Untracked 
| 238|0x00000000eee00000, 0x00000000eee00000, 0x00000000eef00000|  0%| F|  |TAMS 0x00000000eee00000, 0x00000000eee00000| Untracked 
| 239|0x00000000eef00000, 0x00000000eef00000, 0x00000000ef000000|  0%| F|  |TAMS 0x00000000eef00000, 0x00000000eef00000| Untracked 
| 240|0x00000000ef000000, 0x00000000ef000000, 0x00000000ef100000|  0%| F|  |TAMS 0x00000000ef000000, 0x00000000ef000000| Untracked 
| 241|0x00000000ef100000, 0x00000000ef100000, 0x00000000ef200000|  0%| F|  |TAMS 0x00000000ef100000, 0x00000000ef100000| Untracked 
| 242|0x00000000ef200000, 0x00000000ef200000, 0x00000000ef300000|  0%| F|  |TAMS 0x00000000ef200000, 0x00000000ef200000| Untracked 
| 243|0x00000000ef300000, 0x00000000ef300000, 0x00000000ef400000|  0%| F|  |TAMS 0x00000000ef300000, 0x00000000ef300000| Untracked 
| 244|0x00000000ef400000, 0x00000000ef400000, 0x00000000ef500000|  0%| F|  |TAMS 0x00000000ef400000, 0x00000000ef400000| Untracked 
| 245|0x00000000ef500000, 0x00000000ef500000, 0x00000000ef600000|  0%| F|  |TAMS 0x00000000ef500000, 0x00000000ef500000| Untracked 
| 246|0x00000000ef600000, 0x00000000ef600000, 0x00000000ef700000|  0%| F|  |TAMS 0x00000000ef600000, 0x00000000ef600000| Untracked 
| 247|0x00000000ef700000, 0x00000000ef700000, 0x00000000ef800000|  0%| F|  |TAMS 0x00000000ef700000, 0x00000000ef700000| Untracked 
| 248|0x00000000ef800000, 0x00000000ef800000, 0x00000000ef900000|  0%| F|  |TAMS 0x00000000ef800000, 0x00000000ef800000| Untracked 
| 249|0x00000000ef900000, 0x00000000ef900000, 0x00000000efa00000|  0%| F|  |TAMS 0x00000000ef900000, 0x00000000ef900000| Untracked 
| 250|0x00000000efa00000, 0x00000000efa00000, 0x00000000efb00000|  0%| F|  |TAMS 0x00000000efa00000, 0x00000000efa00000| Untracked 
| 251|0x00000000efb00000, 0x00000000efb00000, 0x00000000efc00000|  0%| F|  |TAMS 0x00000000efb00000, 0x00000000efb00000| Untracked 
| 252|0x00000000efc00000, 0x00000000efc00000, 0x00000000efd00000|  0%| F|  |TAMS 0x00000000efc00000, 0x00000000efc00000| Untracked 
| 253|0x00000000efd00000, 0x00000000efd00000, 0x00000000efe00000|  0%| F|  |TAMS 0x00000000efd00000, 0x00000000efd00000| Untracked 
| 254|0x00000000efe00000, 0x00000000efe2ce18, 0x00000000eff00000| 17%| E|  |TAMS 0x00000000efe00000, 0x00000000efe00000| Complete 
| 255|0x00000000eff00000, 0x00000000f0000000, 0x00000000f0000000|100%| E|CS|TAMS 0x00000000eff00000, 0x00000000eff00000| Complete 

Card table byte_map: [0x00000237b8960000,0x00000237b8a60000] _byte_map_base: 0x00000237b8260000

Marking Bits (Prev, Next): (CMBitMap*) 0x00000237a22cf8d0, (CMBitMap*) 0x00000237a22cf898
 Prev Bits: [0x00000237b9360000, 0x00000237b9b60000)
 Next Bits: [0x00000237b8b60000, 0x00000237b9360000)

Polling page: 0x00000237a0240000

Metaspace:

Usage:
  Non-class:     75.45 MB capacity,    73.69 MB ( 98%) used,     1.48 MB (  2%) free+waste,   283.75 KB ( <1%) overhead. 
      Class:     11.77 MB capacity,    10.75 MB ( 91%) used,   907.80 KB (  8%) free+waste,   135.06 KB (  1%) overhead. 
       Both:     87.21 MB capacity,    84.44 MB ( 97%) used,     2.37 MB (  3%) free+waste,   418.81 KB ( <1%) overhead. 

Virtual space:
  Non-class space:       76.00 MB reserved,      75.50 MB (>99%) committed 
      Class space:      248.00 MB reserved,      11.88 MB (  5%) committed 
             Both:      324.00 MB reserved,      87.38 MB ( 27%) committed 

Chunk freelists:
   Non-Class:  6.50 KB
       Class:  2.00 KB
        Both:  8.50 KB

CodeHeap 'non-profiled nmethods': size=120064Kb used=8543Kb max_used=8543Kb free=111520Kb
 bounds [0x00000237b1420000, 0x00000237b1c80000, 0x00000237b8960000]
CodeHeap 'profiled nmethods': size=120000Kb used=28213Kb max_used=28213Kb free=91786Kb
 bounds [0x00000237a9ef0000, 0x00000237aba80000, 0x00000237b1420000]
CodeHeap 'non-nmethods': size=5696Kb used=2295Kb max_used=2347Kb free=3400Kb
 bounds [0x00000237a9960000, 0x00000237a9bd0000, 0x00000237a9ef0000]
 total_blobs=13070 nmethods=12154 adapters=827
 compilation: enabled
              stopped_count=0, restarted_count=0
 full_count=0

Compilation events (10 events):
Event: 350.475 Thread 0x00000237bc9f3000 12275       3       org.codehaus.groovy.control.ErrorCollector::failIfErrors (17 bytes)
Event: 350.476 Thread 0x00000237bc9f3000 nmethod 12275 0x00000237aba76d90 code [0x00000237aba76f40, 0x00000237aba77228]
Event: 350.489 Thread 0x00000237bc9f3000 12276   !   3       java.io.RandomAccessFile::getChannel (87 bytes)
Event: 350.490 Thread 0x00000237bc9f3000 nmethod 12276 0x00000237aba77390 code [0x00000237aba77580, 0x00000237aba77c88]
Event: 350.490 Thread 0x00000237bc9f3000 12277       3       sun.nio.ch.FileLockImpl::<init> (11 bytes)
Event: 350.490 Thread 0x00000237bc9f3000 nmethod 12277 0x00000237aba78010 code [0x00000237aba781c0, 0x00000237aba782e8]
Event: 350.490 Thread 0x00000237bc9f3000 12278   !   3       sun.nio.ch.FileLockTable::add (205 bytes)
Event: 350.493 Thread 0x00000237bc9f3000 nmethod 12278 0x00000237aba78390 code [0x00000237aba78700, 0x00000237aba7a1a8]
Event: 350.546 Thread 0x00000237c05b7800 12279       4       com.google.common.collect.MapMakerInternalMap::segmentFor (17 bytes)
Event: 350.546 Thread 0x00000237c05b7800 nmethod 12279 0x00000237b1c76f10 code [0x00000237b1c77080, 0x00000237b1c77118]

GC Heap History (10 events):
Event: 346.035 GC heap before
{Heap before GC invocations=26 (full 0):
 garbage-first heap   total 262144K, used 221869K [0x00000000e0000000, 0x0000000100000000)
  region size 1024K, 63 young (64512K), 8 survivors (8192K)
 Metaspace       used 85144K, capacity 87832K, committed 87936K, reserved 331776K
  class space    used 10916K, capacity 11902K, committed 11904K, reserved 253952K
}
Event: 346.052 GC heap after
{Heap after GC invocations=27 (full 0):
 garbage-first heap   total 262144K, used 167038K [0x00000000e0000000, 0x0000000100000000)
  region size 1024K, 2 young (2048K), 2 survivors (2048K)
 Metaspace       used 85144K, capacity 87832K, committed 87936K, reserved 331776K
  class space    used 10916K, capacity 11902K, committed 11904K, reserved 253952K
}
Event: 347.141 GC heap before
{Heap before GC invocations=28 (full 0):
 garbage-first heap   total 262144K, used 221310K [0x00000000e0000000, 0x0000000100000000)
  region size 1024K, 56 young (57344K), 2 survivors (2048K)
 Metaspace       used 85282K, capacity 87978K, committed 88320K, reserved 331776K
  class space    used 10920K, capacity 11907K, committed 12032K, reserved 253952K
}
Event: 347.153 GC heap after
{Heap after GC invocations=29 (full 0):
 garbage-first heap   total 262144K, used 169799K [0x00000000e0000000, 0x0000000100000000)
  region size 1024K, 5 young (5120K), 5 survivors (5120K)
 Metaspace       used 85282K, capacity 87978K, committed 88320K, reserved 331776K
  class space    used 10920K, capacity 11907K, committed 12032K, reserved 253952K
}
Event: 347.667 GC heap before
{Heap before GC invocations=29 (full 0):
 garbage-first heap   total 262144K, used 223047K [0x00000000e0000000, 0x0000000100000000)
  region size 1024K, 57 young (58368K), 5 survivors (5120K)
 Metaspace       used 85300K, capacity 87978K, committed 88320K, reserved 331776K
  class space    used 10920K, capacity 11907K, committed 12032K, reserved 253952K
}
Event: 347.687 GC heap after
{Heap after GC invocations=30 (full 0):
 garbage-first heap   total 262144K, used 172976K [0x00000000e0000000, 0x0000000100000000)
  region size 1024K, 7 young (7168K), 7 survivors (7168K)
 Metaspace       used 85300K, capacity 87978K, committed 88320K, reserved 331776K
  class space    used 10920K, capacity 11907K, committed 12032K, reserved 253952K
}
Event: 348.521 GC heap before
{Heap before GC invocations=31 (full 0):
 garbage-first heap   total 262144K, used 224176K [0x00000000e0000000, 0x0000000100000000)
  region size 1024K, 57 young (58368K), 7 survivors (7168K)
 Metaspace       used 85405K, capacity 88170K, committed 88320K, reserved 331776K
  class space    used 10920K, capacity 11907K, committed 12032K, reserved 253952K
}
Event: 348.541 GC heap after
{Heap after GC invocations=32 (full 0):
 garbage-first heap   total 262144K, used 176522K [0x00000000e0000000, 0x0000000100000000)
  region size 1024K, 7 young (7168K), 7 survivors (7168K)
 Metaspace       used 85405K, capacity 88170K, committed 88320K, reserved 331776K
  class space    used 10920K, capacity 11907K, committed 12032K, reserved 253952K
}
Event: 350.285 GC heap before
{Heap before GC invocations=32 (full 0):
 garbage-first heap   total 262144K, used 225674K [0x00000000e0000000, 0x0000000100000000)
  region size 1024K, 55 young (56320K), 7 survivors (7168K)
 Metaspace       used 86396K, capacity 89242K, committed 89472K, reserved 331776K
  class space    used 10998K, capacity 12048K, committed 12160K, reserved 253952K
}
Event: 350.303 GC heap after
{Heap after GC invocations=33 (full 0):
 garbage-first heap   total 262144K, used 178688K [0x00000000e0000000, 0x0000000100000000)
  region size 1024K, 6 young (6144K), 6 survivors (6144K)
 Metaspace       used 86396K, capacity 89242K, committed 89472K, reserved 331776K
  class space    used 10998K, capacity 12048K, committed 12160K, reserved 253952K
}

Deoptimization events (10 events):
Event: 349.355 Thread 0x00000237c4711000 Uncommon trap: reason=speculate_class_check action=maybe_recompile pc=0x00000237b1bf05d0 method=groovyjarjarantlr4.v4.runtime.atn.LexerATNSimulator.getReachableConfigSet(Lgroovyjarjarantlr4/v4/runtime/CharStream;Lgroovyjarjarantlr4/v4/runtime/atn/ATNConfi
Event: 349.355 Thread 0x00000237c4711000 Uncommon trap: reason=speculate_class_check action=maybe_recompile pc=0x00000237b1bf05d0 method=groovyjarjarantlr4.v4.runtime.atn.LexerATNSimulator.getReachableConfigSet(Lgroovyjarjarantlr4/v4/runtime/CharStream;Lgroovyjarjarantlr4/v4/runtime/atn/ATNConfi
Event: 349.444 Thread 0x00000237c4711000 Uncommon trap: reason=unstable_if action=reinterpret pc=0x00000237b1c0be24 method=groovyjarjarantlr4.v4.runtime.Lexer.nextToken()Lgroovyjarjarantlr4/v4/runtime/Token; @ 164 c2
Event: 349.603 Thread 0x00000237c4711000 Uncommon trap: reason=array_check action=maybe_recompile pc=0x00000237b1b987bc method=java.util.TimSort.binarySort([Ljava/lang/Object;IIILjava/util/Comparator;)V @ 215 c2
Event: 349.616 Thread 0x00000237c4711000 Uncommon trap: reason=array_check action=maybe_recompile pc=0x00000237b1b987bc method=java.util.TimSort.binarySort([Ljava/lang/Object;IIILjava/util/Comparator;)V @ 215 c2
Event: 349.635 Thread 0x00000237c4711000 Uncommon trap: reason=array_check action=maybe_recompile pc=0x00000237b1b987bc method=java.util.TimSort.binarySort([Ljava/lang/Object;IIILjava/util/Comparator;)V @ 215 c2
Event: 349.721 Thread 0x00000237c4711000 Uncommon trap: reason=array_check action=maybe_recompile pc=0x00000237b1b988c0 method=java.util.TimSort.binarySort([Ljava/lang/Object;IIILjava/util/Comparator;)V @ 193 c2
Event: 349.727 Thread 0x00000237c4711000 Uncommon trap: reason=array_check action=maybe_recompile pc=0x00000237b1b988c0 method=java.util.TimSort.binarySort([Ljava/lang/Object;IIILjava/util/Comparator;)V @ 193 c2
Event: 349.892 Thread 0x00000237c4711000 Uncommon trap: reason=unstable_if action=reinterpret pc=0x00000237b1c45bd8 method=org.codehaus.groovy.ast.ClassNode.lazyClassInit()V @ 4 c2
Event: 349.899 Thread 0x00000237c4711000 Uncommon trap: reason=unstable_if action=reinterpret pc=0x00000237b1b4d288 method=groovyjarjarasm.asm.ByteVector.putShort(I)Lgroovyjarjarasm/asm/ByteVector; @ 13 c2

Classes redefined (0 events):
No events

Internal exceptions (10 events):
Event: 349.037 Thread 0x00000237c4711000 Exception <a 'java/lang/ClassNotFoundException'{0x00000000eea1fbe8}: org/apache/groovy/parser/antlr4/util/StringUtils$2BeanInfo> (0x00000000eea1fbe8) thrown at [./open/src/hotspot/share/classfile/systemDictionary.cpp, line 226]
Event: 349.040 Thread 0x00000237c4711000 Exception <a 'java/lang/ClassNotFoundException'{0x00000000ee958c60}: org/apache/groovy/parser/antlr4/util/StringUtils$2Customizer> (0x00000000ee958c60) thrown at [./open/src/hotspot/share/classfile/systemDictionary.cpp, line 226]
Event: 349.046 Thread 0x00000237c4711000 Exception <a 'java/lang/ClassNotFoundException'{0x00000000ee8b7a68}: org/apache/groovy/parser/antlr4/util/StringUtils$1BeanInfo> (0x00000000ee8b7a68) thrown at [./open/src/hotspot/share/classfile/systemDictionary.cpp, line 226]
Event: 349.049 Thread 0x00000237c4711000 Exception <a 'java/lang/ClassNotFoundException'{0x00000000ee7f0af8}: org/apache/groovy/parser/antlr4/util/StringUtils$1Customizer> (0x00000000ee7f0af8) thrown at [./open/src/hotspot/share/classfile/systemDictionary.cpp, line 226]
Event: 349.055 Thread 0x00000237c4711000 Exception <a 'java/lang/ClassNotFoundException'{0x00000000ee54fbe8}: org/apache/groovy/parser/antlr4/util/StringUtils$3BeanInfo> (0x00000000ee54fbe8) thrown at [./open/src/hotspot/share/classfile/systemDictionary.cpp, line 226]
Event: 349.058 Thread 0x00000237c4711000 Exception <a 'java/lang/ClassNotFoundException'{0x00000000ee488e88}: org/apache/groovy/parser/antlr4/util/StringUtils$3Customizer> (0x00000000ee488e88) thrown at [./open/src/hotspot/share/classfile/systemDictionary.cpp, line 226]
Event: 349.159 Thread 0x00000237c4711000 Exception <a 'java/lang/NoSuchMethodError'{0x00000000ee2cfb88}: java.lang.invoke.DirectMethodHandle$Holder.invokeSpecial(Ljava/lang/Object;Ljava/lang/Object;ILjava/lang/Object;Ljava/lang/Object;Ljava/lang/Object;Ljava/lang/Object;)Ljava/lang/Object;> (0x0
Event: 349.287 Thread 0x00000237bec9c800 Exception <a 'sun/nio/fs/WindowsException'{0x00000000ee004900}> (0x00000000ee004900) thrown at [./open/src/hotspot/share/prims/jni.cpp, line 611]
Event: 349.293 Thread 0x00000237bec9c800 Exception <a 'sun/nio/fs/WindowsException'{0x00000000ee005ae8}> (0x00000000ee005ae8) thrown at [./open/src/hotspot/share/prims/jni.cpp, line 611]
Event: 349.300 Thread 0x00000237bec9c800 Exception <a 'sun/nio/fs/WindowsException'{0x00000000ee005c60}> (0x00000000ee005c60) thrown at [./open/src/hotspot/share/prims/jni.cpp, line 611]

Events (10 events):
Event: 350.217 loading class org/codehaus/groovy/ast/GenericsType
Event: 350.217 loading class org/codehaus/groovy/ast/GenericsType done
Event: 350.217 loading class org/codehaus/groovy/ast/GenericsType
Event: 350.217 loading class org/codehaus/groovy/ast/GenericsType done
Event: 350.217 loading class org/codehaus/groovy/ast/ClassNode
Event: 350.217 loading class org/codehaus/groovy/ast/ClassNode done
Event: 350.218 loading class org/codehaus/groovy/ast/AstToTextHelper
Event: 350.218 loading class org/codehaus/groovy/ast/AstToTextHelper done
Event: 350.285 Executing VM operation: G1CollectForAllocation
Event: 350.303 Executing VM operation: G1CollectForAllocation done


Dynamic libraries:
0x00007ff616570000 - 0x00007ff61657f000 	C:\dev\setup\jdk-11.0.15.1_windows-x64_bin\jdk-11.0.15.1\bin\java.exe
0x00007ffdf2740000 - 0x00007ffdf2949000 	C:\WINDOWS\SYSTEM32\ntdll.dll
0x00007ffdf18a0000 - 0x00007ffdf195e000 	C:\WINDOWS\System32\KERNEL32.DLL
0x00007ffdeffc0000 - 0x00007ffdf033b000 	C:\WINDOWS\System32\KERNELBASE.dll
0x00007ffdefd30000 - 0x00007ffdefe41000 	C:\WINDOWS\System32\ucrtbase.dll
0x00007ffde7c10000 - 0x00007ffde7c28000 	C:\dev\setup\jdk-11.0.15.1_windows-x64_bin\jdk-11.0.15.1\bin\jli.dll
0x00007ffdf2070000 - 0x00007ffdf211e000 	C:\WINDOWS\System32\ADVAPI32.dll
0x00007ffdf09e0000 - 0x00007ffdf0a83000 	C:\WINDOWS\System32\msvcrt.dll
0x00007ffdf0940000 - 0x00007ffdf09de000 	C:\WINDOWS\System32\sechost.dll
0x00007ffdf15d0000 - 0x00007ffdf16f0000 	C:\WINDOWS\System32\RPCRT4.dll
0x00007ffdf05d0000 - 0x00007ffdf077d000 	C:\WINDOWS\System32\USER32.dll
0x00007ffdf03b0000 - 0x00007ffdf03d6000 	C:\WINDOWS\System32\win32u.dll
0x00007ffdf1590000 - 0x00007ffdf15b9000 	C:\WINDOWS\System32\GDI32.dll
0x00007ffdf03e0000 - 0x00007ffdf04f8000 	C:\WINDOWS\System32\gdi32full.dll
0x00007ffdefc10000 - 0x00007ffdefcad000 	C:\WINDOWS\System32\msvcp_win.dll
0x00007ffde73e0000 - 0x00007ffde73f5000 	C:\dev\setup\jdk-11.0.15.1_windows-x64_bin\jdk-11.0.15.1\bin\VCRUNTIME140.dll
0x00007ffdbef00000 - 0x00007ffdbf1a5000 	C:\WINDOWS\WinSxS\amd64_microsoft.windows.common-controls_6595b64144ccf1df_6.0.22000.120_none_9d947278b86cc467\COMCTL32.dll
0x00007ffde9060000 - 0x00007ffde906a000 	C:\WINDOWS\SYSTEM32\VERSION.dll
0x00007ffdf19e0000 - 0x00007ffdf1a12000 	C:\WINDOWS\System32\IMM32.DLL
0x00007ffdc89c0000 - 0x00007ffdc8a5b000 	C:\dev\setup\jdk-11.0.15.1_windows-x64_bin\jdk-11.0.15.1\bin\msvcp140.dll
0x00007ffd699b0000 - 0x00007ffd6a4c6000 	C:\dev\setup\jdk-11.0.15.1_windows-x64_bin\jdk-11.0.15.1\bin\server\jvm.dll
0x00007ffdf1bc0000 - 0x00007ffdf1bc8000 	C:\WINDOWS\System32\PSAPI.DLL
0x00007ffdd9060000 - 0x00007ffdd9069000 	C:\WINDOWS\SYSTEM32\WSOCK32.dll
0x00007ffdf1400000 - 0x00007ffdf146f000 	C:\WINDOWS\System32\WS2_32.dll
0x00007ffde8050000 - 0x00007ffde8083000 	C:\WINDOWS\SYSTEM32\WINMM.dll
0x00007ffdeec50000 - 0x00007ffdeec68000 	C:\WINDOWS\SYSTEM32\kernel.appcore.dll
0x00007ffdec8f0000 - 0x00007ffdec900000 	C:\dev\setup\jdk-11.0.15.1_windows-x64_bin\jdk-11.0.15.1\bin\verify.dll
0x00007ffded690000 - 0x00007ffded8b1000 	C:\WINDOWS\SYSTEM32\DBGHELP.DLL
0x00007ffded650000 - 0x00007ffded681000 	C:\WINDOWS\SYSTEM32\dbgcore.DLL
0x00007ffdefcb0000 - 0x00007ffdefd2f000 	C:\WINDOWS\System32\bcryptPrimitives.dll
0x00007ffdd6df0000 - 0x00007ffdd6e18000 	C:\dev\setup\jdk-11.0.15.1_windows-x64_bin\jdk-11.0.15.1\bin\java.dll
0x00007ffde73d0000 - 0x00007ffde73da000 	C:\dev\setup\jdk-11.0.15.1_windows-x64_bin\jdk-11.0.15.1\bin\jimage.dll
0x00007ffde1b80000 - 0x00007ffde1b96000 	C:\dev\setup\jdk-11.0.15.1_windows-x64_bin\jdk-11.0.15.1\bin\zip.dll
0x00007ffdf0c40000 - 0x00007ffdf13f8000 	C:\WINDOWS\System32\SHELL32.dll
0x00007ffdedcc0000 - 0x00007ffdee525000 	C:\WINDOWS\SYSTEM32\windows.storage.dll
0x00007ffdf1c90000 - 0x00007ffdf2008000 	C:\WINDOWS\System32\combase.dll
0x00007ffdedb50000 - 0x00007ffdedcb6000 	C:\WINDOWS\SYSTEM32\wintypes.dll
0x00007ffdf16f0000 - 0x00007ffdf17da000 	C:\WINDOWS\System32\SHCORE.dll
0x00007ffdf25b0000 - 0x00007ffdf260d000 	C:\WINDOWS\System32\shlwapi.dll
0x00007ffdefb40000 - 0x00007ffdefb61000 	C:\WINDOWS\SYSTEM32\profapi.dll
0x00007ffde0c20000 - 0x00007ffde0c39000 	C:\dev\setup\jdk-11.0.15.1_windows-x64_bin\jdk-11.0.15.1\bin\net.dll
0x00007ffdecf40000 - 0x00007ffded054000 	C:\WINDOWS\SYSTEM32\WINHTTP.dll
0x00007ffdef0e0000 - 0x00007ffdef147000 	C:\WINDOWS\system32\mswsock.dll
0x00007ffdc8ad0000 - 0x00007ffdc8ae2000 	C:\dev\setup\jdk-11.0.15.1_windows-x64_bin\jdk-11.0.15.1\bin\nio.dll
0x00007ffdcdab0000 - 0x00007ffdcdad7000 	C:\Users\ksky9\.gradle\native\e1d6ef7f7dcc3fd88c89a11ec53ec762bb8ba0a96d01ffa2cd45eb1d1d8dd5c5\windows-amd64\native-platform.dll
0x00007ffdc8420000 - 0x00007ffdc8564000 	C:\Users\ksky9\.gradle\native\0d407fdbe67a94daf76414ababcb853783967236a71b16ec16e742cd7a986fd3\windows-amd64\native-platform-file-events.dll
0x00007ffddcc20000 - 0x00007ffddcc29000 	C:\dev\setup\jdk-11.0.15.1_windows-x64_bin\jdk-11.0.15.1\bin\management.dll
0x00007ffdd6de0000 - 0x00007ffdd6deb000 	C:\dev\setup\jdk-11.0.15.1_windows-x64_bin\jdk-11.0.15.1\bin\management_ext.dll
0x00007ffdef2e0000 - 0x00007ffdef2f8000 	C:\WINDOWS\SYSTEM32\CRYPTSP.dll
0x00007ffdeebb0000 - 0x00007ffdeebe5000 	C:\WINDOWS\system32\rsaenh.dll
0x00007ffdef190000 - 0x00007ffdef1b9000 	C:\WINDOWS\SYSTEM32\USERENV.dll
0x00007ffdef500000 - 0x00007ffdef527000 	C:\WINDOWS\SYSTEM32\bcrypt.dll
0x00007ffdef300000 - 0x00007ffdef30c000 	C:\WINDOWS\SYSTEM32\CRYPTBASE.dll
0x00007ffdee780000 - 0x00007ffdee7ad000 	C:\WINDOWS\SYSTEM32\IPHLPAPI.DLL
0x00007ffdf05c0000 - 0x00007ffdf05c9000 	C:\WINDOWS\System32\NSI.dll
0x00007ffdea150000 - 0x00007ffdea169000 	C:\WINDOWS\SYSTEM32\dhcpcsvc6.DLL
0x00007ffdea420000 - 0x00007ffdea43e000 	C:\WINDOWS\SYSTEM32\dhcpcsvc.DLL
0x00007ffdee7b0000 - 0x00007ffdee898000 	C:\WINDOWS\SYSTEM32\DNSAPI.dll
0x00007ffde3800000 - 0x00007ffde380d000 	C:\dev\setup\jdk-11.0.15.1_windows-x64_bin\jdk-11.0.15.1\bin\sunmscapi.dll
0x00007ffdefe50000 - 0x00007ffdeffb2000 	C:\WINDOWS\System32\CRYPT32.dll
0x00007ffdef4d0000 - 0x00007ffdef4f8000 	C:\WINDOWS\SYSTEM32\ncrypt.dll
0x00007ffdef490000 - 0x00007ffdef4c7000 	C:\WINDOWS\SYSTEM32\NTASN1.dll
0x00007ffdc7db0000 - 0x00007ffdc7dd5000 	C:\dev\setup\jdk-11.0.15.1_windows-x64_bin\jdk-11.0.15.1\bin\sunec.dll
0x00007ffde71e0000 - 0x00007ffde71ea000 	C:\Windows\System32\rasadhlp.dll
0x00007ffde77a0000 - 0x00007ffde7821000 	C:\WINDOWS\System32\fwpuclnt.dll

dbghelp: loaded successfully - version: 4.0.5 - missing functions: none
symbol engine: initialized successfully - sym options: 0x614 - pdb path: .;C:\dev\setup\jdk-11.0.15.1_windows-x64_bin\jdk-11.0.15.1\bin;C:\WINDOWS\SYSTEM32;C:\WINDOWS\WinSxS\amd64_microsoft.windows.common-controls_6595b64144ccf1df_6.0.22000.120_none_9d947278b86cc467;C:\dev\setup\jdk-11.0.15.1_windows-x64_bin\jdk-11.0.15.1\bin\server;C:\Users\ksky9\.gradle\native\e1d6ef7f7dcc3fd88c89a11ec53ec762bb8ba0a96d01ffa2cd45eb1d1d8dd5c5\windows-amd64;C:\Users\ksky9\.gradle\native\0d407fdbe67a94daf76414ababcb853783967236a71b16ec16e742cd7a986fd3\windows-amd64

VM Arguments:
jvm_args: --add-opens=java.base/java.util=ALL-UNNAMED --add-opens=java.base/java.lang=ALL-UNNAMED --add-opens=java.base/java.lang.invoke=ALL-UNNAMED --add-opens=java.base/java.util=ALL-UNNAMED --add-opens=java.prefs/java.util.prefs=ALL-UNNAMED --add-opens=java.prefs/java.util.prefs=ALL-UNNAMED --add-opens=java.base/java.nio.charset=ALL-UNNAMED --add-opens=java.base/java.net=ALL-UNNAMED --add-opens=java.base/java.util.concurrent.atomic=ALL-UNNAMED -XX:MaxMetaspaceSize=256m -XX:+HeapDumpOnOutOfMemoryError -Xms256m -Xmx512m -Dfile.encoding=UTF-8 -Duser.country=KR -Duser.language=ko -Duser.variant 
java_command: org.gradle.launcher.daemon.bootstrap.GradleDaemon 7.5.1
java_class_path (initial): C:\Users\ksky9\.gradle\wrapper\dists\gradle-7.5.1-bin\7jzzequgds1hbszbhq3npc5ng\gradle-7.5.1\lib\gradle-launcher-7.5.1.jar
Launcher Type: SUN_STANDARD

[Global flags]
     intx CICompilerCount                          = 3                                         {product} {ergonomic}
   size_t CompressedClassSpaceSize                 = 260046848                                 {product} {ergonomic}
     uint ConcGCThreads                            = 1                                         {product} {ergonomic}
     uint G1ConcRefinementThreads                  = 4                                         {product} {ergonomic}
   size_t G1HeapRegionSize                         = 1048576                                   {product} {ergonomic}
    uintx GCDrainStackTargetSize                   = 64                                        {product} {ergonomic}
     bool HeapDumpOnOutOfMemoryError               = true                                   {manageable} {command line}
   size_t InitialHeapSize                          = 268435456                                 {product} {command line}
   size_t MarkStackSize                            = 4194304                                   {product} {ergonomic}
   size_t MaxHeapSize                              = 536870912                                 {product} {command line}
   size_t MaxMetaspaceSize                         = 268435456                                 {product} {command line}
   size_t MaxNewSize                               = 321912832                                 {product} {ergonomic}
   size_t MinHeapDeltaBytes                        = 1048576                                   {product} {ergonomic}
    uintx NonNMethodCodeHeapSize                   = 5830732                                {pd product} {ergonomic}
    uintx NonProfiledCodeHeapSize                  = 122913754                              {pd product} {ergonomic}
    uintx ProfiledCodeHeapSize                     = 122913754                              {pd product} {ergonomic}
    uintx ReservedCodeCacheSize                    = 251658240                              {pd product} {ergonomic}
     bool SegmentedCodeCache                       = true                                      {product} {ergonomic}
     bool UseCompressedClassPointers               = true                                 {lp64_product} {ergonomic}
     bool UseCompressedOops                        = true                                 {lp64_product} {ergonomic}
     bool UseG1GC                                  = true                                      {product} {ergonomic}
     bool UseLargePagesIndividualAllocation        = false                                  {pd product} {ergonomic}

Logging:
Log output configuration:
 #0: stdout all=warning uptime,level,tags
 #1: stderr all=off uptime,level,tags

Environment Variables:
JAVA_HOME=C:\dev\setup\jdk-11.0.15.1_windows-x64_bin\jdk-11.0.15.1
CLASSPATH=C:\dev\setup\jdk-11.0.15.1_windows-x64_bin\jdk-11.0.15.1\lib;.;
PATH=C:\app\ksky9\product\21c\dbhomeXE\bin;C:\WINDOWS\system32;C:\WINDOWS;C:\WINDOWS\System32\Wbem;C:\WINDOWS\System32\WindowsPowerShell\v1.0\;C:\WINDOWS\System32\OpenSSH\;C:\dev\setup\jdk-11.0.15.1_windows-x64_bin\jdk-11.0.15.1\bin;C:\Program Files\Git\cmd;C:\Program Files\Docker\Docker\resources\bin;C:\ProgramData\DockerDesktop\version-bin;C:\Users\ksky9\AppData\Local\Microsoft\WindowsApps;C:\Users\ksky9\AppData\Local\afreeca;C:\Users\ksky9\AppData\Local\Programs\Microsoft VS Code\bin;C:\dev\setup\gradle-4.10.2-all\gradle-4.10.2\bin;
USERNAME=choonghee
OS=Windows_NT
PROCESSOR_IDENTIFIER=Intel64 Family 6 Model 142 Stepping 12, GenuineIntel



---------------  S Y S T E M  ---------------

OS: Windows 11 , 64 bit Build 22000 (10.0.22000.1219)
Hyper-V role detected

CPU:total 4 (initial active 4) (2 cores per cpu, 2 threads per core) family 6 model 142 stepping 12 microcode 0xde, cmov, cx8, fxsr, mmx, sse, sse2, sse3, ssse3, sse4.1, sse4.2, popcnt, aes, clmul, erms, 3dnowpref, lzcnt, ht, tsc, tscinvbit

Memory: 4k page, system-wide physical 12082M (1377M free)
TotalPageFile size 22265M (AvailPageFile size 2935M)
current process WorkingSet (physical memory assigned to process): 498M, peak: 500M
current process commit charge ("private bytes"): 542M, peak: 545M

vm_info: Java HotSpot(TM) 64-Bit Server VM (11.0.15.1+2-LTS-10) for windows-amd64 JRE (11.0.15.1+2-LTS-10), built on Apr 25 2022 21:51:57 by "mach5one" with MS VC++ 15.9 (VS2017)

END.
